The system is: Darwin - 21.4.0 - x86_64
Compiling the CXX compiler identification source file "CMakeCXXCompilerId.cpp" succeeded.
Compiler: /Library/Developer/CommandLineTools/usr/bin/c++ 
Build flags: 
Id flags:  

The output was:
0


Compilation of the CXX compiler identification source "CMakeCXXCompilerId.cpp" produced "a.out"

The CXX compiler identification is AppleClang, found in "/Users/wulongfei/pytorch/build/CMakeFiles/3.22.1/CompilerIdCXX/a.out"

Compiling the C compiler identification source file "CMakeCCompilerId.c" succeeded.
Compiler: /Library/Developer/CommandLineTools/usr/bin/cc 
Build flags: 
Id flags:  

The output was:
0


Compilation of the C compiler identification source "CMakeCCompilerId.c" produced "a.out"

The C compiler identification is AppleClang, found in "/Users/wulongfei/pytorch/build/CMakeFiles/3.22.1/CompilerIdC/a.out"

Detecting CXX compiler ABI info compiled with the following output:
Change Dir: /Users/wulongfei/pytorch/build/CMakeFiles/CMakeTmp

Run Build Command(s):/usr/bin/make -f Makefile cmTC_3e3b8/fast && /Library/Developer/CommandLineTools/usr/bin/make  -f CMakeFiles/cmTC_3e3b8.dir/build.make CMakeFiles/cmTC_3e3b8.dir/build
Building CXX object CMakeFiles/cmTC_3e3b8.dir/CMakeCXXCompilerABI.cpp.o
/Library/Developer/CommandLineTools/usr/bin/c++   -isysroot /Library/Developer/CommandLineTools/SDKs/MacOSX.sdk   -v -Wl,-v -MD -MT CMakeFiles/cmTC_3e3b8.dir/CMakeCXXCompilerABI.cpp.o -MF CMakeFiles/cmTC_3e3b8.dir/CMakeCXXCompilerABI.cpp.o.d -o CMakeFiles/cmTC_3e3b8.dir/CMakeCXXCompilerABI.cpp.o -c /usr/local/Cellar/cmake/3.22.1/share/cmake/Modules/CMakeCXXCompilerABI.cpp
Apple clang version 13.1.6 (clang-1316.0.21.2.3)
Target: x86_64-apple-darwin21.4.0
Thread model: posix
InstalledDir: /Library/Developer/CommandLineTools/usr/bin
clang: warning: -Wl,-v: 'linker' input unused [-Wunused-command-line-argument]
 "/Library/Developer/CommandLineTools/usr/bin/clang" -cc1 -triple x86_64-apple-macosx12.0.0 -Wundef-prefix=TARGET_OS_ -Wdeprecated-objc-isa-usage -Werror=deprecated-objc-isa-usage -Werror=implicit-function-declaration -emit-obj -mrelax-all --mrelax-relocations -disable-free -disable-llvm-verifier -discard-value-names -main-file-name CMakeCXXCompilerABI.cpp -mrelocation-model pic -pic-level 2 -mframe-pointer=all -fno-strict-return -fno-rounding-math -munwind-tables -target-sdk-version=12.3 -fvisibility-inlines-hidden-static-local-var -target-cpu penryn -tune-cpu generic -debugger-tuning=lldb -target-linker-version 762 -v -resource-dir /Library/Developer/CommandLineTools/usr/lib/clang/13.1.6 -dependency-file CMakeFiles/cmTC_3e3b8.dir/CMakeCXXCompilerABI.cpp.o.d -skip-unused-modulemap-deps -MT CMakeFiles/cmTC_3e3b8.dir/CMakeCXXCompilerABI.cpp.o -sys-header-deps -isysroot /Library/Developer/CommandLineTools/SDKs/MacOSX.sdk -I/usr/local/include -stdlib=libc++ -internal-isystem /Library/Developer/CommandLineTools/SDKs/MacOSX.sdk/usr/include/c++/v1 -internal-isystem /Library/Developer/CommandLineTools/SDKs/MacOSX.sdk/usr/local/include -internal-isystem /Library/Developer/CommandLineTools/usr/lib/clang/13.1.6/include -internal-externc-isystem /Library/Developer/CommandLineTools/SDKs/MacOSX.sdk/usr/include -internal-externc-isystem /Library/Developer/CommandLineTools/usr/include -Wno-reorder-init-list -Wno-implicit-int-float-conversion -Wno-c99-designator -Wno-final-dtor-non-final-class -Wno-extra-semi-stmt -Wno-misleading-indentation -Wno-quoted-include-in-framework-header -Wno-implicit-fallthrough -Wno-enum-enum-conversion -Wno-enum-float-conversion -Wno-elaborated-enum-base -Wno-reserved-identifier -Wno-gnu-folding-constant -Wno-objc-load-method -fdeprecated-macro -fdebug-compilation-dir=/Users/wulongfei/pytorch/build/CMakeFiles/CMakeTmp -ferror-limit 19 -stack-protector 1 -fstack-check -mdarwin-stkchk-strong-link -fblocks -fencode-extended-block-signature -fregister-global-dtors-with-atexit -fgnuc-version=4.2.1 -fno-cxx-modules -fcxx-exceptions -fexceptions -fmax-type-align=16 -fcommon -clang-vendor-feature=+messageToSelfInClassMethodIdReturnType -clang-vendor-feature=+disableInferNewAvailabilityFromInit -clang-vendor-feature=+disableNonDependentMemberExprInCurrentInstantiation -fno-odr-hash-protocols -clang-vendor-feature=+enableAggressiveVLAFolding -clang-vendor-feature=+revert09abecef7bbf -clang-vendor-feature=+thisNoAlignAttr -clang-vendor-feature=+thisNoNullAttr -mllvm -disable-aligned-alloc-awareness=1 -D__GCC_HAVE_DWARF2_CFI_ASM=1 -o CMakeFiles/cmTC_3e3b8.dir/CMakeCXXCompilerABI.cpp.o -x c++ /usr/local/Cellar/cmake/3.22.1/share/cmake/Modules/CMakeCXXCompilerABI.cpp
clang -cc1 version 13.1.6 (clang-1316.0.21.2.3) default target x86_64-apple-darwin21.4.0
ignoring nonexistent directory "/Library/Developer/CommandLineTools/SDKs/MacOSX.sdk/usr/local/include"
ignoring nonexistent directory "/Library/Developer/CommandLineTools/SDKs/MacOSX.sdk/Library/Frameworks"
#include "..." search starts here:
#include <...> search starts here:
 /usr/local/include
 /Library/Developer/CommandLineTools/SDKs/MacOSX.sdk/usr/include/c++/v1
 /Library/Developer/CommandLineTools/usr/lib/clang/13.1.6/include
 /Library/Developer/CommandLineTools/SDKs/MacOSX.sdk/usr/include
 /Library/Developer/CommandLineTools/usr/include
 /Library/Developer/CommandLineTools/SDKs/MacOSX.sdk/System/Library/Frameworks (framework directory)
End of search list.
Linking CXX executable cmTC_3e3b8
/usr/local/Cellar/cmake/3.22.1/bin/cmake -E cmake_link_script CMakeFiles/cmTC_3e3b8.dir/link.txt --verbose=1
/Library/Developer/CommandLineTools/usr/bin/c++  -isysroot /Library/Developer/CommandLineTools/SDKs/MacOSX.sdk -Wl,-search_paths_first -Wl,-headerpad_max_install_names  -v -Wl,-v CMakeFiles/cmTC_3e3b8.dir/CMakeCXXCompilerABI.cpp.o -o cmTC_3e3b8 
Apple clang version 13.1.6 (clang-1316.0.21.2.3)
Target: x86_64-apple-darwin21.4.0
Thread model: posix
InstalledDir: /Library/Developer/CommandLineTools/usr/bin
 "/Library/Developer/CommandLineTools/usr/bin/ld" -demangle -lto_library /Library/Developer/CommandLineTools/usr/lib/libLTO.dylib -dynamic -arch x86_64 -platform_version macos 12.0.0 12.3 -syslibroot /Library/Developer/CommandLineTools/SDKs/MacOSX.sdk -o cmTC_3e3b8 -L/usr/local/lib -search_paths_first -headerpad_max_install_names -v CMakeFiles/cmTC_3e3b8.dir/CMakeCXXCompilerABI.cpp.o -lc++ -lSystem /Library/Developer/CommandLineTools/usr/lib/clang/13.1.6/lib/darwin/libclang_rt.osx.a
@(#)PROGRAM:ld  PROJECT:ld64-762
BUILD 12:49:00 Mar 30 2022
configured to support archs: armv6 armv7 armv7s arm64 arm64e arm64_32 i386 x86_64 x86_64h armv6m armv7k armv7m armv7em
Library search paths:
	/usr/local/lib
	/Library/Developer/CommandLineTools/SDKs/MacOSX.sdk/usr/lib
Framework search paths:
	/Library/Developer/CommandLineTools/SDKs/MacOSX.sdk/System/Library/Frameworks/



Parsed CXX implicit include dir info from above output: rv=done
  found start of include info
  found start of implicit include info
    add: [/usr/local/include]
    add: [/Library/Developer/CommandLineTools/SDKs/MacOSX.sdk/usr/include/c++/v1]
    add: [/Library/Developer/CommandLineTools/usr/lib/clang/13.1.6/include]
    add: [/Library/Developer/CommandLineTools/SDKs/MacOSX.sdk/usr/include]
    add: [/Library/Developer/CommandLineTools/usr/include]
  end of search list found
  collapse include dir [/usr/local/include] ==> [/usr/local/include]
  collapse include dir [/Library/Developer/CommandLineTools/SDKs/MacOSX.sdk/usr/include/c++/v1] ==> [/Library/Developer/CommandLineTools/SDKs/MacOSX.sdk/usr/include/c++/v1]
  collapse include dir [/Library/Developer/CommandLineTools/usr/lib/clang/13.1.6/include] ==> [/Library/Developer/CommandLineTools/usr/lib/clang/13.1.6/include]
  collapse include dir [/Library/Developer/CommandLineTools/SDKs/MacOSX.sdk/usr/include] ==> [/Library/Developer/CommandLineTools/SDKs/MacOSX.sdk/usr/include]
  collapse include dir [/Library/Developer/CommandLineTools/usr/include] ==> [/Library/Developer/CommandLineTools/usr/include]
  implicit include dirs: [/usr/local/include;/Library/Developer/CommandLineTools/SDKs/MacOSX.sdk/usr/include/c++/v1;/Library/Developer/CommandLineTools/usr/lib/clang/13.1.6/include;/Library/Developer/CommandLineTools/SDKs/MacOSX.sdk/usr/include;/Library/Developer/CommandLineTools/usr/include]


Parsed CXX implicit link information from above output:
  link line regex: [^( *|.*[/\])(ld|CMAKE_LINK_STARTFILE-NOTFOUND|([^/\]+-)?ld|collect2)[^/\]*( |$)]
  ignore line: [Change Dir: /Users/wulongfei/pytorch/build/CMakeFiles/CMakeTmp]
  ignore line: []
  ignore line: [Run Build Command(s):/usr/bin/make -f Makefile cmTC_3e3b8/fast && /Library/Developer/CommandLineTools/usr/bin/make  -f CMakeFiles/cmTC_3e3b8.dir/build.make CMakeFiles/cmTC_3e3b8.dir/build]
  ignore line: [Building CXX object CMakeFiles/cmTC_3e3b8.dir/CMakeCXXCompilerABI.cpp.o]
  ignore line: [/Library/Developer/CommandLineTools/usr/bin/c++   -isysroot /Library/Developer/CommandLineTools/SDKs/MacOSX.sdk   -v -Wl -v -MD -MT CMakeFiles/cmTC_3e3b8.dir/CMakeCXXCompilerABI.cpp.o -MF CMakeFiles/cmTC_3e3b8.dir/CMakeCXXCompilerABI.cpp.o.d -o CMakeFiles/cmTC_3e3b8.dir/CMakeCXXCompilerABI.cpp.o -c /usr/local/Cellar/cmake/3.22.1/share/cmake/Modules/CMakeCXXCompilerABI.cpp]
  ignore line: [Apple clang version 13.1.6 (clang-1316.0.21.2.3)]
  ignore line: [Target: x86_64-apple-darwin21.4.0]
  ignore line: [Thread model: posix]
  ignore line: [InstalledDir: /Library/Developer/CommandLineTools/usr/bin]
  ignore line: [clang: warning: -Wl -v: 'linker' input unused [-Wunused-command-line-argument]]
  ignore line: [ "/Library/Developer/CommandLineTools/usr/bin/clang" -cc1 -triple x86_64-apple-macosx12.0.0 -Wundef-prefix=TARGET_OS_ -Wdeprecated-objc-isa-usage -Werror=deprecated-objc-isa-usage -Werror=implicit-function-declaration -emit-obj -mrelax-all --mrelax-relocations -disable-free -disable-llvm-verifier -discard-value-names -main-file-name CMakeCXXCompilerABI.cpp -mrelocation-model pic -pic-level 2 -mframe-pointer=all -fno-strict-return -fno-rounding-math -munwind-tables -target-sdk-version=12.3 -fvisibility-inlines-hidden-static-local-var -target-cpu penryn -tune-cpu generic -debugger-tuning=lldb -target-linker-version 762 -v -resource-dir /Library/Developer/CommandLineTools/usr/lib/clang/13.1.6 -dependency-file CMakeFiles/cmTC_3e3b8.dir/CMakeCXXCompilerABI.cpp.o.d -skip-unused-modulemap-deps -MT CMakeFiles/cmTC_3e3b8.dir/CMakeCXXCompilerABI.cpp.o -sys-header-deps -isysroot /Library/Developer/CommandLineTools/SDKs/MacOSX.sdk -I/usr/local/include -stdlib=libc++ -internal-isystem /Library/Developer/CommandLineTools/SDKs/MacOSX.sdk/usr/include/c++/v1 -internal-isystem /Library/Developer/CommandLineTools/SDKs/MacOSX.sdk/usr/local/include -internal-isystem /Library/Developer/CommandLineTools/usr/lib/clang/13.1.6/include -internal-externc-isystem /Library/Developer/CommandLineTools/SDKs/MacOSX.sdk/usr/include -internal-externc-isystem /Library/Developer/CommandLineTools/usr/include -Wno-reorder-init-list -Wno-implicit-int-float-conversion -Wno-c99-designator -Wno-final-dtor-non-final-class -Wno-extra-semi-stmt -Wno-misleading-indentation -Wno-quoted-include-in-framework-header -Wno-implicit-fallthrough -Wno-enum-enum-conversion -Wno-enum-float-conversion -Wno-elaborated-enum-base -Wno-reserved-identifier -Wno-gnu-folding-constant -Wno-objc-load-method -fdeprecated-macro -fdebug-compilation-dir=/Users/wulongfei/pytorch/build/CMakeFiles/CMakeTmp -ferror-limit 19 -stack-protector 1 -fstack-check -mdarwin-stkchk-strong-link -fblocks -fencode-extended-block-signature -fregister-global-dtors-with-atexit -fgnuc-version=4.2.1 -fno-cxx-modules -fcxx-exceptions -fexceptions -fmax-type-align=16 -fcommon -clang-vendor-feature=+messageToSelfInClassMethodIdReturnType -clang-vendor-feature=+disableInferNewAvailabilityFromInit -clang-vendor-feature=+disableNonDependentMemberExprInCurrentInstantiation -fno-odr-hash-protocols -clang-vendor-feature=+enableAggressiveVLAFolding -clang-vendor-feature=+revert09abecef7bbf -clang-vendor-feature=+thisNoAlignAttr -clang-vendor-feature=+thisNoNullAttr -mllvm -disable-aligned-alloc-awareness=1 -D__GCC_HAVE_DWARF2_CFI_ASM=1 -o CMakeFiles/cmTC_3e3b8.dir/CMakeCXXCompilerABI.cpp.o -x c++ /usr/local/Cellar/cmake/3.22.1/share/cmake/Modules/CMakeCXXCompilerABI.cpp]
  ignore line: [clang -cc1 version 13.1.6 (clang-1316.0.21.2.3) default target x86_64-apple-darwin21.4.0]
  ignore line: [ignoring nonexistent directory "/Library/Developer/CommandLineTools/SDKs/MacOSX.sdk/usr/local/include"]
  ignore line: [ignoring nonexistent directory "/Library/Developer/CommandLineTools/SDKs/MacOSX.sdk/Library/Frameworks"]
  ignore line: [#include "..." search starts here:]
  ignore line: [#include <...> search starts here:]
  ignore line: [ /usr/local/include]
  ignore line: [ /Library/Developer/CommandLineTools/SDKs/MacOSX.sdk/usr/include/c++/v1]
  ignore line: [ /Library/Developer/CommandLineTools/usr/lib/clang/13.1.6/include]
  ignore line: [ /Library/Developer/CommandLineTools/SDKs/MacOSX.sdk/usr/include]
  ignore line: [ /Library/Developer/CommandLineTools/usr/include]
  ignore line: [ /Library/Developer/CommandLineTools/SDKs/MacOSX.sdk/System/Library/Frameworks (framework directory)]
  ignore line: [End of search list.]
  ignore line: [Linking CXX executable cmTC_3e3b8]
  ignore line: [/usr/local/Cellar/cmake/3.22.1/bin/cmake -E cmake_link_script CMakeFiles/cmTC_3e3b8.dir/link.txt --verbose=1]
  ignore line: [/Library/Developer/CommandLineTools/usr/bin/c++  -isysroot /Library/Developer/CommandLineTools/SDKs/MacOSX.sdk -Wl -search_paths_first -Wl -headerpad_max_install_names  -v -Wl -v CMakeFiles/cmTC_3e3b8.dir/CMakeCXXCompilerABI.cpp.o -o cmTC_3e3b8 ]
  ignore line: [Apple clang version 13.1.6 (clang-1316.0.21.2.3)]
  ignore line: [Target: x86_64-apple-darwin21.4.0]
  ignore line: [Thread model: posix]
  ignore line: [InstalledDir: /Library/Developer/CommandLineTools/usr/bin]
  link line: [ "/Library/Developer/CommandLineTools/usr/bin/ld" -demangle -lto_library /Library/Developer/CommandLineTools/usr/lib/libLTO.dylib -dynamic -arch x86_64 -platform_version macos 12.0.0 12.3 -syslibroot /Library/Developer/CommandLineTools/SDKs/MacOSX.sdk -o cmTC_3e3b8 -L/usr/local/lib -search_paths_first -headerpad_max_install_names -v CMakeFiles/cmTC_3e3b8.dir/CMakeCXXCompilerABI.cpp.o -lc++ -lSystem /Library/Developer/CommandLineTools/usr/lib/clang/13.1.6/lib/darwin/libclang_rt.osx.a]
    arg [/Library/Developer/CommandLineTools/usr/bin/ld] ==> ignore
    arg [-demangle] ==> ignore
    arg [-lto_library] ==> ignore, skip following value
    arg [/Library/Developer/CommandLineTools/usr/lib/libLTO.dylib] ==> skip value of -lto_library
    arg [-dynamic] ==> ignore
    arg [-arch] ==> ignore
    arg [x86_64] ==> ignore
    arg [-platform_version] ==> ignore
    arg [macos] ==> ignore
    arg [12.0.0] ==> ignore
    arg [12.3] ==> ignore
    arg [-syslibroot] ==> ignore
    arg [/Library/Developer/CommandLineTools/SDKs/MacOSX.sdk] ==> ignore
    arg [-o] ==> ignore
    arg [cmTC_3e3b8] ==> ignore
    arg [-L/usr/local/lib] ==> dir [/usr/local/lib]
    arg [-search_paths_first] ==> ignore
    arg [-headerpad_max_install_names] ==> ignore
    arg [-v] ==> ignore
    arg [CMakeFiles/cmTC_3e3b8.dir/CMakeCXXCompilerABI.cpp.o] ==> ignore
    arg [-lc++] ==> lib [c++]
    arg [-lSystem] ==> lib [System]
    arg [/Library/Developer/CommandLineTools/usr/lib/clang/13.1.6/lib/darwin/libclang_rt.osx.a] ==> lib [/Library/Developer/CommandLineTools/usr/lib/clang/13.1.6/lib/darwin/libclang_rt.osx.a]
  Library search paths: [;/usr/local/lib;/Library/Developer/CommandLineTools/SDKs/MacOSX.sdk/usr/lib]
  Framework search paths: [;/Library/Developer/CommandLineTools/SDKs/MacOSX.sdk/System/Library/Frameworks/]
  remove lib [System]
  remove lib [/Library/Developer/CommandLineTools/usr/lib/clang/13.1.6/lib/darwin/libclang_rt.osx.a]
  collapse library dir [/usr/local/lib] ==> [/usr/local/lib]
  collapse library dir [/usr/local/lib] ==> [/usr/local/lib]
  collapse library dir [/Library/Developer/CommandLineTools/SDKs/MacOSX.sdk/usr/lib] ==> [/Library/Developer/CommandLineTools/SDKs/MacOSX.sdk/usr/lib]
  collapse framework dir [/Library/Developer/CommandLineTools/SDKs/MacOSX.sdk/System/Library/Frameworks/] ==> [/Library/Developer/CommandLineTools/SDKs/MacOSX.sdk/System/Library/Frameworks]
  implicit libs: [c++]
  implicit objs: []
  implicit dirs: [/usr/local/lib;/Library/Developer/CommandLineTools/SDKs/MacOSX.sdk/usr/lib]
  implicit fwks: [/Library/Developer/CommandLineTools/SDKs/MacOSX.sdk/System/Library/Frameworks]


Detecting C compiler ABI info compiled with the following output:
Change Dir: /Users/wulongfei/pytorch/build/CMakeFiles/CMakeTmp

Run Build Command(s):/usr/bin/make -f Makefile cmTC_07b9b/fast && /Library/Developer/CommandLineTools/usr/bin/make  -f CMakeFiles/cmTC_07b9b.dir/build.make CMakeFiles/cmTC_07b9b.dir/build
Building C object CMakeFiles/cmTC_07b9b.dir/CMakeCCompilerABI.c.o
/Library/Developer/CommandLineTools/usr/bin/cc   -isysroot /Library/Developer/CommandLineTools/SDKs/MacOSX.sdk   -v -Wl,-v -MD -MT CMakeFiles/cmTC_07b9b.dir/CMakeCCompilerABI.c.o -MF CMakeFiles/cmTC_07b9b.dir/CMakeCCompilerABI.c.o.d -o CMakeFiles/cmTC_07b9b.dir/CMakeCCompilerABI.c.o -c /usr/local/Cellar/cmake/3.22.1/share/cmake/Modules/CMakeCCompilerABI.c
Apple clang version 13.1.6 (clang-1316.0.21.2.3)
Target: x86_64-apple-darwin21.4.0
Thread model: posix
InstalledDir: /Library/Developer/CommandLineTools/usr/bin
clang: warning: -Wl,-v: 'linker' input unused [-Wunused-command-line-argument]
 "/Library/Developer/CommandLineTools/usr/bin/clang" -cc1 -triple x86_64-apple-macosx12.0.0 -Wundef-prefix=TARGET_OS_ -Wdeprecated-objc-isa-usage -Werror=deprecated-objc-isa-usage -Werror=implicit-function-declaration -emit-obj -mrelax-all --mrelax-relocations -disable-free -disable-llvm-verifier -discard-value-names -main-file-name CMakeCCompilerABI.c -mrelocation-model pic -pic-level 2 -mframe-pointer=all -fno-strict-return -fno-rounding-math -munwind-tables -target-sdk-version=12.3 -fvisibility-inlines-hidden-static-local-var -target-cpu penryn -tune-cpu generic -debugger-tuning=lldb -target-linker-version 762 -v -resource-dir /Library/Developer/CommandLineTools/usr/lib/clang/13.1.6 -dependency-file CMakeFiles/cmTC_07b9b.dir/CMakeCCompilerABI.c.o.d -skip-unused-modulemap-deps -MT CMakeFiles/cmTC_07b9b.dir/CMakeCCompilerABI.c.o -sys-header-deps -isysroot /Library/Developer/CommandLineTools/SDKs/MacOSX.sdk -I/usr/local/include -internal-isystem /Library/Developer/CommandLineTools/SDKs/MacOSX.sdk/usr/local/include -internal-isystem /Library/Developer/CommandLineTools/usr/lib/clang/13.1.6/include -internal-externc-isystem /Library/Developer/CommandLineTools/SDKs/MacOSX.sdk/usr/include -internal-externc-isystem /Library/Developer/CommandLineTools/usr/include -Wno-reorder-init-list -Wno-implicit-int-float-conversion -Wno-c99-designator -Wno-final-dtor-non-final-class -Wno-extra-semi-stmt -Wno-misleading-indentation -Wno-quoted-include-in-framework-header -Wno-implicit-fallthrough -Wno-enum-enum-conversion -Wno-enum-float-conversion -Wno-elaborated-enum-base -Wno-reserved-identifier -Wno-gnu-folding-constant -Wno-objc-load-method -fdebug-compilation-dir=/Users/wulongfei/pytorch/build/CMakeFiles/CMakeTmp -ferror-limit 19 -stack-protector 1 -fstack-check -mdarwin-stkchk-strong-link -fblocks -fencode-extended-block-signature -fregister-global-dtors-with-atexit -fgnuc-version=4.2.1 -fmax-type-align=16 -fcommon -clang-vendor-feature=+messageToSelfInClassMethodIdReturnType -clang-vendor-feature=+disableInferNewAvailabilityFromInit -clang-vendor-feature=+disableNonDependentMemberExprInCurrentInstantiation -fno-odr-hash-protocols -clang-vendor-feature=+enableAggressiveVLAFolding -clang-vendor-feature=+revert09abecef7bbf -clang-vendor-feature=+thisNoAlignAttr -clang-vendor-feature=+thisNoNullAttr -mllvm -disable-aligned-alloc-awareness=1 -D__GCC_HAVE_DWARF2_CFI_ASM=1 -o CMakeFiles/cmTC_07b9b.dir/CMakeCCompilerABI.c.o -x c /usr/local/Cellar/cmake/3.22.1/share/cmake/Modules/CMakeCCompilerABI.c
clang -cc1 version 13.1.6 (clang-1316.0.21.2.3) default target x86_64-apple-darwin21.4.0
ignoring nonexistent directory "/Library/Developer/CommandLineTools/SDKs/MacOSX.sdk/usr/local/include"
ignoring nonexistent directory "/Library/Developer/CommandLineTools/SDKs/MacOSX.sdk/Library/Frameworks"
#include "..." search starts here:
#include <...> search starts here:
 /usr/local/include
 /Library/Developer/CommandLineTools/usr/lib/clang/13.1.6/include
 /Library/Developer/CommandLineTools/SDKs/MacOSX.sdk/usr/include
 /Library/Developer/CommandLineTools/usr/include
 /Library/Developer/CommandLineTools/SDKs/MacOSX.sdk/System/Library/Frameworks (framework directory)
End of search list.
Linking C executable cmTC_07b9b
/usr/local/Cellar/cmake/3.22.1/bin/cmake -E cmake_link_script CMakeFiles/cmTC_07b9b.dir/link.txt --verbose=1
/Library/Developer/CommandLineTools/usr/bin/cc  -isysroot /Library/Developer/CommandLineTools/SDKs/MacOSX.sdk -Wl,-search_paths_first -Wl,-headerpad_max_install_names  -v -Wl,-v CMakeFiles/cmTC_07b9b.dir/CMakeCCompilerABI.c.o -o cmTC_07b9b 
Apple clang version 13.1.6 (clang-1316.0.21.2.3)
Target: x86_64-apple-darwin21.4.0
Thread model: posix
InstalledDir: /Library/Developer/CommandLineTools/usr/bin
 "/Library/Developer/CommandLineTools/usr/bin/ld" -demangle -lto_library /Library/Developer/CommandLineTools/usr/lib/libLTO.dylib -dynamic -arch x86_64 -platform_version macos 12.0.0 12.3 -syslibroot /Library/Developer/CommandLineTools/SDKs/MacOSX.sdk -o cmTC_07b9b -L/usr/local/lib -search_paths_first -headerpad_max_install_names -v CMakeFiles/cmTC_07b9b.dir/CMakeCCompilerABI.c.o -lSystem /Library/Developer/CommandLineTools/usr/lib/clang/13.1.6/lib/darwin/libclang_rt.osx.a
@(#)PROGRAM:ld  PROJECT:ld64-762
BUILD 12:49:00 Mar 30 2022
configured to support archs: armv6 armv7 armv7s arm64 arm64e arm64_32 i386 x86_64 x86_64h armv6m armv7k armv7m armv7em
Library search paths:
	/usr/local/lib
	/Library/Developer/CommandLineTools/SDKs/MacOSX.sdk/usr/lib
Framework search paths:
	/Library/Developer/CommandLineTools/SDKs/MacOSX.sdk/System/Library/Frameworks/



Parsed C implicit include dir info from above output: rv=done
  found start of include info
  found start of implicit include info
    add: [/usr/local/include]
    add: [/Library/Developer/CommandLineTools/usr/lib/clang/13.1.6/include]
    add: [/Library/Developer/CommandLineTools/SDKs/MacOSX.sdk/usr/include]
    add: [/Library/Developer/CommandLineTools/usr/include]
  end of search list found
  collapse include dir [/usr/local/include] ==> [/usr/local/include]
  collapse include dir [/Library/Developer/CommandLineTools/usr/lib/clang/13.1.6/include] ==> [/Library/Developer/CommandLineTools/usr/lib/clang/13.1.6/include]
  collapse include dir [/Library/Developer/CommandLineTools/SDKs/MacOSX.sdk/usr/include] ==> [/Library/Developer/CommandLineTools/SDKs/MacOSX.sdk/usr/include]
  collapse include dir [/Library/Developer/CommandLineTools/usr/include] ==> [/Library/Developer/CommandLineTools/usr/include]
  implicit include dirs: [/usr/local/include;/Library/Developer/CommandLineTools/usr/lib/clang/13.1.6/include;/Library/Developer/CommandLineTools/SDKs/MacOSX.sdk/usr/include;/Library/Developer/CommandLineTools/usr/include]


Parsed C implicit link information from above output:
  link line regex: [^( *|.*[/\])(ld|CMAKE_LINK_STARTFILE-NOTFOUND|([^/\]+-)?ld|collect2)[^/\]*( |$)]
  ignore line: [Change Dir: /Users/wulongfei/pytorch/build/CMakeFiles/CMakeTmp]
  ignore line: []
  ignore line: [Run Build Command(s):/usr/bin/make -f Makefile cmTC_07b9b/fast && /Library/Developer/CommandLineTools/usr/bin/make  -f CMakeFiles/cmTC_07b9b.dir/build.make CMakeFiles/cmTC_07b9b.dir/build]
  ignore line: [Building C object CMakeFiles/cmTC_07b9b.dir/CMakeCCompilerABI.c.o]
  ignore line: [/Library/Developer/CommandLineTools/usr/bin/cc   -isysroot /Library/Developer/CommandLineTools/SDKs/MacOSX.sdk   -v -Wl -v -MD -MT CMakeFiles/cmTC_07b9b.dir/CMakeCCompilerABI.c.o -MF CMakeFiles/cmTC_07b9b.dir/CMakeCCompilerABI.c.o.d -o CMakeFiles/cmTC_07b9b.dir/CMakeCCompilerABI.c.o -c /usr/local/Cellar/cmake/3.22.1/share/cmake/Modules/CMakeCCompilerABI.c]
  ignore line: [Apple clang version 13.1.6 (clang-1316.0.21.2.3)]
  ignore line: [Target: x86_64-apple-darwin21.4.0]
  ignore line: [Thread model: posix]
  ignore line: [InstalledDir: /Library/Developer/CommandLineTools/usr/bin]
  ignore line: [clang: warning: -Wl -v: 'linker' input unused [-Wunused-command-line-argument]]
  ignore line: [ "/Library/Developer/CommandLineTools/usr/bin/clang" -cc1 -triple x86_64-apple-macosx12.0.0 -Wundef-prefix=TARGET_OS_ -Wdeprecated-objc-isa-usage -Werror=deprecated-objc-isa-usage -Werror=implicit-function-declaration -emit-obj -mrelax-all --mrelax-relocations -disable-free -disable-llvm-verifier -discard-value-names -main-file-name CMakeCCompilerABI.c -mrelocation-model pic -pic-level 2 -mframe-pointer=all -fno-strict-return -fno-rounding-math -munwind-tables -target-sdk-version=12.3 -fvisibility-inlines-hidden-static-local-var -target-cpu penryn -tune-cpu generic -debugger-tuning=lldb -target-linker-version 762 -v -resource-dir /Library/Developer/CommandLineTools/usr/lib/clang/13.1.6 -dependency-file CMakeFiles/cmTC_07b9b.dir/CMakeCCompilerABI.c.o.d -skip-unused-modulemap-deps -MT CMakeFiles/cmTC_07b9b.dir/CMakeCCompilerABI.c.o -sys-header-deps -isysroot /Library/Developer/CommandLineTools/SDKs/MacOSX.sdk -I/usr/local/include -internal-isystem /Library/Developer/CommandLineTools/SDKs/MacOSX.sdk/usr/local/include -internal-isystem /Library/Developer/CommandLineTools/usr/lib/clang/13.1.6/include -internal-externc-isystem /Library/Developer/CommandLineTools/SDKs/MacOSX.sdk/usr/include -internal-externc-isystem /Library/Developer/CommandLineTools/usr/include -Wno-reorder-init-list -Wno-implicit-int-float-conversion -Wno-c99-designator -Wno-final-dtor-non-final-class -Wno-extra-semi-stmt -Wno-misleading-indentation -Wno-quoted-include-in-framework-header -Wno-implicit-fallthrough -Wno-enum-enum-conversion -Wno-enum-float-conversion -Wno-elaborated-enum-base -Wno-reserved-identifier -Wno-gnu-folding-constant -Wno-objc-load-method -fdebug-compilation-dir=/Users/wulongfei/pytorch/build/CMakeFiles/CMakeTmp -ferror-limit 19 -stack-protector 1 -fstack-check -mdarwin-stkchk-strong-link -fblocks -fencode-extended-block-signature -fregister-global-dtors-with-atexit -fgnuc-version=4.2.1 -fmax-type-align=16 -fcommon -clang-vendor-feature=+messageToSelfInClassMethodIdReturnType -clang-vendor-feature=+disableInferNewAvailabilityFromInit -clang-vendor-feature=+disableNonDependentMemberExprInCurrentInstantiation -fno-odr-hash-protocols -clang-vendor-feature=+enableAggressiveVLAFolding -clang-vendor-feature=+revert09abecef7bbf -clang-vendor-feature=+thisNoAlignAttr -clang-vendor-feature=+thisNoNullAttr -mllvm -disable-aligned-alloc-awareness=1 -D__GCC_HAVE_DWARF2_CFI_ASM=1 -o CMakeFiles/cmTC_07b9b.dir/CMakeCCompilerABI.c.o -x c /usr/local/Cellar/cmake/3.22.1/share/cmake/Modules/CMakeCCompilerABI.c]
  ignore line: [clang -cc1 version 13.1.6 (clang-1316.0.21.2.3) default target x86_64-apple-darwin21.4.0]
  ignore line: [ignoring nonexistent directory "/Library/Developer/CommandLineTools/SDKs/MacOSX.sdk/usr/local/include"]
  ignore line: [ignoring nonexistent directory "/Library/Developer/CommandLineTools/SDKs/MacOSX.sdk/Library/Frameworks"]
  ignore line: [#include "..." search starts here:]
  ignore line: [#include <...> search starts here:]
  ignore line: [ /usr/local/include]
  ignore line: [ /Library/Developer/CommandLineTools/usr/lib/clang/13.1.6/include]
  ignore line: [ /Library/Developer/CommandLineTools/SDKs/MacOSX.sdk/usr/include]
  ignore line: [ /Library/Developer/CommandLineTools/usr/include]
  ignore line: [ /Library/Developer/CommandLineTools/SDKs/MacOSX.sdk/System/Library/Frameworks (framework directory)]
  ignore line: [End of search list.]
  ignore line: [Linking C executable cmTC_07b9b]
  ignore line: [/usr/local/Cellar/cmake/3.22.1/bin/cmake -E cmake_link_script CMakeFiles/cmTC_07b9b.dir/link.txt --verbose=1]
  ignore line: [/Library/Developer/CommandLineTools/usr/bin/cc  -isysroot /Library/Developer/CommandLineTools/SDKs/MacOSX.sdk -Wl -search_paths_first -Wl -headerpad_max_install_names  -v -Wl -v CMakeFiles/cmTC_07b9b.dir/CMakeCCompilerABI.c.o -o cmTC_07b9b ]
  ignore line: [Apple clang version 13.1.6 (clang-1316.0.21.2.3)]
  ignore line: [Target: x86_64-apple-darwin21.4.0]
  ignore line: [Thread model: posix]
  ignore line: [InstalledDir: /Library/Developer/CommandLineTools/usr/bin]
  link line: [ "/Library/Developer/CommandLineTools/usr/bin/ld" -demangle -lto_library /Library/Developer/CommandLineTools/usr/lib/libLTO.dylib -dynamic -arch x86_64 -platform_version macos 12.0.0 12.3 -syslibroot /Library/Developer/CommandLineTools/SDKs/MacOSX.sdk -o cmTC_07b9b -L/usr/local/lib -search_paths_first -headerpad_max_install_names -v CMakeFiles/cmTC_07b9b.dir/CMakeCCompilerABI.c.o -lSystem /Library/Developer/CommandLineTools/usr/lib/clang/13.1.6/lib/darwin/libclang_rt.osx.a]
    arg [/Library/Developer/CommandLineTools/usr/bin/ld] ==> ignore
    arg [-demangle] ==> ignore
    arg [-lto_library] ==> ignore, skip following value
    arg [/Library/Developer/CommandLineTools/usr/lib/libLTO.dylib] ==> skip value of -lto_library
    arg [-dynamic] ==> ignore
    arg [-arch] ==> ignore
    arg [x86_64] ==> ignore
    arg [-platform_version] ==> ignore
    arg [macos] ==> ignore
    arg [12.0.0] ==> ignore
    arg [12.3] ==> ignore
    arg [-syslibroot] ==> ignore
    arg [/Library/Developer/CommandLineTools/SDKs/MacOSX.sdk] ==> ignore
    arg [-o] ==> ignore
    arg [cmTC_07b9b] ==> ignore
    arg [-L/usr/local/lib] ==> dir [/usr/local/lib]
    arg [-search_paths_first] ==> ignore
    arg [-headerpad_max_install_names] ==> ignore
    arg [-v] ==> ignore
    arg [CMakeFiles/cmTC_07b9b.dir/CMakeCCompilerABI.c.o] ==> ignore
    arg [-lSystem] ==> lib [System]
    arg [/Library/Developer/CommandLineTools/usr/lib/clang/13.1.6/lib/darwin/libclang_rt.osx.a] ==> lib [/Library/Developer/CommandLineTools/usr/lib/clang/13.1.6/lib/darwin/libclang_rt.osx.a]
  Library search paths: [;/usr/local/lib;/Library/Developer/CommandLineTools/SDKs/MacOSX.sdk/usr/lib]
  Framework search paths: [;/Library/Developer/CommandLineTools/SDKs/MacOSX.sdk/System/Library/Frameworks/]
  remove lib [System]
  remove lib [/Library/Developer/CommandLineTools/usr/lib/clang/13.1.6/lib/darwin/libclang_rt.osx.a]
  collapse library dir [/usr/local/lib] ==> [/usr/local/lib]
  collapse library dir [/usr/local/lib] ==> [/usr/local/lib]
  collapse library dir [/Library/Developer/CommandLineTools/SDKs/MacOSX.sdk/usr/lib] ==> [/Library/Developer/CommandLineTools/SDKs/MacOSX.sdk/usr/lib]
  collapse framework dir [/Library/Developer/CommandLineTools/SDKs/MacOSX.sdk/System/Library/Frameworks/] ==> [/Library/Developer/CommandLineTools/SDKs/MacOSX.sdk/System/Library/Frameworks]
  implicit libs: []
  implicit objs: []
  implicit dirs: [/usr/local/lib;/Library/Developer/CommandLineTools/SDKs/MacOSX.sdk/usr/lib]
  implicit fwks: [/Library/Developer/CommandLineTools/SDKs/MacOSX.sdk/System/Library/Frameworks]


Performing C SOURCE FILE Test COMPILER_WORKS succeeded with the following compile output:
Change Dir: /Users/wulongfei/pytorch/build/CMakeFiles/CMakeTmp

Run Build Command(s):/usr/bin/make -f Makefile cmTC_98adc/fast && /Library/Developer/CommandLineTools/usr/bin/make  -f CMakeFiles/cmTC_98adc.dir/build.make CMakeFiles/cmTC_98adc.dir/build
Building C object CMakeFiles/cmTC_98adc.dir/src.c.o
/Library/Developer/CommandLineTools/usr/bin/cc -DCOMPILER_WORKS  -isysroot /Library/Developer/CommandLineTools/SDKs/MacOSX.sdk -std=gnu11 -MD -MT CMakeFiles/cmTC_98adc.dir/src.c.o -MF CMakeFiles/cmTC_98adc.dir/src.c.o.d -o CMakeFiles/cmTC_98adc.dir/src.c.o -c /Users/wulongfei/pytorch/build/CMakeFiles/CMakeTmp/src.c
Linking C executable cmTC_98adc
/usr/local/Cellar/cmake/3.22.1/bin/cmake -E cmake_link_script CMakeFiles/cmTC_98adc.dir/link.txt --verbose=1
/Library/Developer/CommandLineTools/usr/bin/cc  -isysroot /Library/Developer/CommandLineTools/SDKs/MacOSX.sdk -Wl,-search_paths_first -Wl,-headerpad_max_install_names CMakeFiles/cmTC_98adc.dir/src.c.o -o cmTC_98adc 


...and run output:

Return value: 1
Source file was:

    int main() { return 0; }
    
Performing C++ SOURCE FILE Test SUPPORT_GLIBCXX_USE_C99 succeeded with the following output:
Change Dir: /Users/wulongfei/pytorch/build/CMakeFiles/CMakeTmp

Run Build Command(s):/usr/bin/make -f Makefile cmTC_6481d/fast && /Library/Developer/CommandLineTools/usr/bin/make  -f CMakeFiles/cmTC_6481d.dir/build.make CMakeFiles/cmTC_6481d.dir/build
Building CXX object CMakeFiles/cmTC_6481d.dir/src.cxx.o
/Library/Developer/CommandLineTools/usr/bin/c++ -DSUPPORT_GLIBCXX_USE_C99  -std=c++14 -isysroot /Library/Developer/CommandLineTools/SDKs/MacOSX.sdk -std=gnu++14 -MD -MT CMakeFiles/cmTC_6481d.dir/src.cxx.o -MF CMakeFiles/cmTC_6481d.dir/src.cxx.o.d -o CMakeFiles/cmTC_6481d.dir/src.cxx.o -c /Users/wulongfei/pytorch/build/CMakeFiles/CMakeTmp/src.cxx
Linking CXX executable cmTC_6481d
/usr/local/Cellar/cmake/3.22.1/bin/cmake -E cmake_link_script CMakeFiles/cmTC_6481d.dir/link.txt --verbose=1
/Library/Developer/CommandLineTools/usr/bin/c++  -std=c++14 -isysroot /Library/Developer/CommandLineTools/SDKs/MacOSX.sdk -Wl,-search_paths_first -Wl,-headerpad_max_install_names CMakeFiles/cmTC_6481d.dir/src.cxx.o -o cmTC_6481d 


Source file was:

  #include <cmath>
  #include <string>

  int main() {
    int a = std::isinf(3.0);
    int b = std::isnan(0.0);
    std::string s = std::to_string(1);

    return 0;
    }
Performing C++ SOURCE FILE Test CAFFE2_EXCEPTION_PTR_SUPPORTED succeeded with the following output:
Change Dir: /Users/wulongfei/pytorch/build/CMakeFiles/CMakeTmp

Run Build Command(s):/usr/bin/make -f Makefile cmTC_8fd1f/fast && /Library/Developer/CommandLineTools/usr/bin/make  -f CMakeFiles/cmTC_8fd1f.dir/build.make CMakeFiles/cmTC_8fd1f.dir/build
Building CXX object CMakeFiles/cmTC_8fd1f.dir/src.cxx.o
/Library/Developer/CommandLineTools/usr/bin/c++ -DCAFFE2_EXCEPTION_PTR_SUPPORTED  -std=c++14 -isysroot /Library/Developer/CommandLineTools/SDKs/MacOSX.sdk -std=gnu++14 -MD -MT CMakeFiles/cmTC_8fd1f.dir/src.cxx.o -MF CMakeFiles/cmTC_8fd1f.dir/src.cxx.o.d -o CMakeFiles/cmTC_8fd1f.dir/src.cxx.o -c /Users/wulongfei/pytorch/build/CMakeFiles/CMakeTmp/src.cxx
Linking CXX executable cmTC_8fd1f
/usr/local/Cellar/cmake/3.22.1/bin/cmake -E cmake_link_script CMakeFiles/cmTC_8fd1f.dir/link.txt --verbose=1
/Library/Developer/CommandLineTools/usr/bin/c++  -std=c++14 -isysroot /Library/Developer/CommandLineTools/SDKs/MacOSX.sdk -Wl,-search_paths_first -Wl,-headerpad_max_install_names CMakeFiles/cmTC_8fd1f.dir/src.cxx.o -o cmTC_8fd1f 


Source file was:
#include <string>
    #include <exception>
    int main(int argc, char** argv) {
      std::exception_ptr eptr;
      try {
          std::string().at(1);
      } catch(...) {
          eptr = std::current_exception();
      }
    }
Performing C SOURCE FILE Test C_HAS_AVX_2 succeeded with the following output:
Change Dir: /Users/wulongfei/pytorch/build/CMakeFiles/CMakeTmp

Run Build Command(s):/usr/bin/make -f Makefile cmTC_0a950/fast && /Library/Developer/CommandLineTools/usr/bin/make  -f CMakeFiles/cmTC_0a950.dir/build.make CMakeFiles/cmTC_0a950.dir/build
Building C object CMakeFiles/cmTC_0a950.dir/src.c.o
/Library/Developer/CommandLineTools/usr/bin/cc -DC_HAS_AVX_2  -mavx -isysroot /Library/Developer/CommandLineTools/SDKs/MacOSX.sdk -std=gnu11 -MD -MT CMakeFiles/cmTC_0a950.dir/src.c.o -MF CMakeFiles/cmTC_0a950.dir/src.c.o.d -o CMakeFiles/cmTC_0a950.dir/src.c.o -c /Users/wulongfei/pytorch/build/CMakeFiles/CMakeTmp/src.c
Linking C executable cmTC_0a950
/usr/local/Cellar/cmake/3.22.1/bin/cmake -E cmake_link_script CMakeFiles/cmTC_0a950.dir/link.txt --verbose=1
/Library/Developer/CommandLineTools/usr/bin/cc  -mavx -isysroot /Library/Developer/CommandLineTools/SDKs/MacOSX.sdk -Wl,-search_paths_first -Wl,-headerpad_max_install_names CMakeFiles/cmTC_0a950.dir/src.c.o -o cmTC_0a950 


Source file was:

  #include <immintrin.h>

  int main()
  {
    __m256 a;
    a = _mm256_set1_ps(0);
    return 0;
  }

Performing C SOURCE FILE Test C_HAS_AVX2_2 succeeded with the following output:
Change Dir: /Users/wulongfei/pytorch/build/CMakeFiles/CMakeTmp

Run Build Command(s):/usr/bin/make -f Makefile cmTC_e7663/fast && /Library/Developer/CommandLineTools/usr/bin/make  -f CMakeFiles/cmTC_e7663.dir/build.make CMakeFiles/cmTC_e7663.dir/build
Building C object CMakeFiles/cmTC_e7663.dir/src.c.o
/Library/Developer/CommandLineTools/usr/bin/cc -DC_HAS_AVX2_2  -mavx2 -mfma -isysroot /Library/Developer/CommandLineTools/SDKs/MacOSX.sdk -std=gnu11 -MD -MT CMakeFiles/cmTC_e7663.dir/src.c.o -MF CMakeFiles/cmTC_e7663.dir/src.c.o.d -o CMakeFiles/cmTC_e7663.dir/src.c.o -c /Users/wulongfei/pytorch/build/CMakeFiles/CMakeTmp/src.c
Linking C executable cmTC_e7663
/usr/local/Cellar/cmake/3.22.1/bin/cmake -E cmake_link_script CMakeFiles/cmTC_e7663.dir/link.txt --verbose=1
/Library/Developer/CommandLineTools/usr/bin/cc  -mavx2 -mfma -isysroot /Library/Developer/CommandLineTools/SDKs/MacOSX.sdk -Wl,-search_paths_first -Wl,-headerpad_max_install_names CMakeFiles/cmTC_e7663.dir/src.c.o -o cmTC_e7663 


Source file was:

  #include <immintrin.h>

  int main()
  {
    __m256i a = {0};
    a = _mm256_abs_epi16(a);
    __m256i x;
    _mm256_extract_epi64(x, 0); // we rely on this in our AVX2 code
    return 0;
  }

Performing C SOURCE FILE Test C_HAS_AVX512_2 succeeded with the following output:
Change Dir: /Users/wulongfei/pytorch/build/CMakeFiles/CMakeTmp

Run Build Command(s):/usr/bin/make -f Makefile cmTC_c62ff/fast && /Library/Developer/CommandLineTools/usr/bin/make  -f CMakeFiles/cmTC_c62ff.dir/build.make CMakeFiles/cmTC_c62ff.dir/build
Building C object CMakeFiles/cmTC_c62ff.dir/src.c.o
/Library/Developer/CommandLineTools/usr/bin/cc -DC_HAS_AVX512_2  -mavx512f -mavx512dq -mavx512vl -mavx512bw -mfma -isysroot /Library/Developer/CommandLineTools/SDKs/MacOSX.sdk -std=gnu11 -MD -MT CMakeFiles/cmTC_c62ff.dir/src.c.o -MF CMakeFiles/cmTC_c62ff.dir/src.c.o.d -o CMakeFiles/cmTC_c62ff.dir/src.c.o -c /Users/wulongfei/pytorch/build/CMakeFiles/CMakeTmp/src.c
Linking C executable cmTC_c62ff
/usr/local/Cellar/cmake/3.22.1/bin/cmake -E cmake_link_script CMakeFiles/cmTC_c62ff.dir/link.txt --verbose=1
/Library/Developer/CommandLineTools/usr/bin/cc  -mavx512f -mavx512dq -mavx512vl -mavx512bw -mfma -isysroot /Library/Developer/CommandLineTools/SDKs/MacOSX.sdk -Wl,-search_paths_first -Wl,-headerpad_max_install_names CMakeFiles/cmTC_c62ff.dir/src.c.o -o cmTC_c62ff 


Source file was:

  #include <immintrin.h>

  int main()
  {
    __m512i a = _mm512_set_epi8(0, 0, 0, 0, 0, 0, 0, 0,
                                0, 0, 0, 0, 0, 0, 0, 0,
                                0, 0, 0, 0, 0, 0, 0, 0,
                                0, 0, 0, 0, 0, 0, 0, 0,
                                0, 0, 0, 0, 0, 0, 0, 0,
                                0, 0, 0, 0, 0, 0, 0, 0,
                                0, 0, 0, 0, 0, 0, 0, 0,
                                0, 0, 0, 0, 0, 0, 0, 0);
    __m512i b = a;
    __mmask64 equality_mask = _mm512_cmp_epi8_mask(a, b, _MM_CMPINT_EQ);
    return 0;
  }

Performing C SOURCE FILE Test CXX_HAS_AVX_2 succeeded with the following output:
Change Dir: /Users/wulongfei/pytorch/build/CMakeFiles/CMakeTmp

Run Build Command(s):/usr/bin/make -f Makefile cmTC_cdbb3/fast && /Library/Developer/CommandLineTools/usr/bin/make  -f CMakeFiles/cmTC_cdbb3.dir/build.make CMakeFiles/cmTC_cdbb3.dir/build
Building C object CMakeFiles/cmTC_cdbb3.dir/src.c.o
/Library/Developer/CommandLineTools/usr/bin/cc -DCXX_HAS_AVX_2  -mavx -isysroot /Library/Developer/CommandLineTools/SDKs/MacOSX.sdk -std=gnu11 -MD -MT CMakeFiles/cmTC_cdbb3.dir/src.c.o -MF CMakeFiles/cmTC_cdbb3.dir/src.c.o.d -o CMakeFiles/cmTC_cdbb3.dir/src.c.o -c /Users/wulongfei/pytorch/build/CMakeFiles/CMakeTmp/src.c
Linking C executable cmTC_cdbb3
/usr/local/Cellar/cmake/3.22.1/bin/cmake -E cmake_link_script CMakeFiles/cmTC_cdbb3.dir/link.txt --verbose=1
/Library/Developer/CommandLineTools/usr/bin/cc  -mavx -isysroot /Library/Developer/CommandLineTools/SDKs/MacOSX.sdk -Wl,-search_paths_first -Wl,-headerpad_max_install_names CMakeFiles/cmTC_cdbb3.dir/src.c.o -o cmTC_cdbb3 


Source file was:

  #include <immintrin.h>

  int main()
  {
    __m256 a;
    a = _mm256_set1_ps(0);
    return 0;
  }

Performing C SOURCE FILE Test CXX_HAS_AVX2_2 succeeded with the following output:
Change Dir: /Users/wulongfei/pytorch/build/CMakeFiles/CMakeTmp

Run Build Command(s):/usr/bin/make -f Makefile cmTC_5a0e8/fast && /Library/Developer/CommandLineTools/usr/bin/make  -f CMakeFiles/cmTC_5a0e8.dir/build.make CMakeFiles/cmTC_5a0e8.dir/build
Building C object CMakeFiles/cmTC_5a0e8.dir/src.c.o
/Library/Developer/CommandLineTools/usr/bin/cc -DCXX_HAS_AVX2_2  -mavx2 -mfma -isysroot /Library/Developer/CommandLineTools/SDKs/MacOSX.sdk -std=gnu11 -MD -MT CMakeFiles/cmTC_5a0e8.dir/src.c.o -MF CMakeFiles/cmTC_5a0e8.dir/src.c.o.d -o CMakeFiles/cmTC_5a0e8.dir/src.c.o -c /Users/wulongfei/pytorch/build/CMakeFiles/CMakeTmp/src.c
Linking C executable cmTC_5a0e8
/usr/local/Cellar/cmake/3.22.1/bin/cmake -E cmake_link_script CMakeFiles/cmTC_5a0e8.dir/link.txt --verbose=1
/Library/Developer/CommandLineTools/usr/bin/cc  -mavx2 -mfma -isysroot /Library/Developer/CommandLineTools/SDKs/MacOSX.sdk -Wl,-search_paths_first -Wl,-headerpad_max_install_names CMakeFiles/cmTC_5a0e8.dir/src.c.o -o cmTC_5a0e8 


Source file was:

  #include <immintrin.h>

  int main()
  {
    __m256i a = {0};
    a = _mm256_abs_epi16(a);
    __m256i x;
    _mm256_extract_epi64(x, 0); // we rely on this in our AVX2 code
    return 0;
  }

Performing C SOURCE FILE Test CXX_HAS_AVX512_2 succeeded with the following output:
Change Dir: /Users/wulongfei/pytorch/build/CMakeFiles/CMakeTmp

Run Build Command(s):/usr/bin/make -f Makefile cmTC_69702/fast && /Library/Developer/CommandLineTools/usr/bin/make  -f CMakeFiles/cmTC_69702.dir/build.make CMakeFiles/cmTC_69702.dir/build
Building C object CMakeFiles/cmTC_69702.dir/src.c.o
/Library/Developer/CommandLineTools/usr/bin/cc -DCXX_HAS_AVX512_2  -mavx512f -mavx512dq -mavx512vl -mavx512bw -mfma -isysroot /Library/Developer/CommandLineTools/SDKs/MacOSX.sdk -std=gnu11 -MD -MT CMakeFiles/cmTC_69702.dir/src.c.o -MF CMakeFiles/cmTC_69702.dir/src.c.o.d -o CMakeFiles/cmTC_69702.dir/src.c.o -c /Users/wulongfei/pytorch/build/CMakeFiles/CMakeTmp/src.c
Linking C executable cmTC_69702
/usr/local/Cellar/cmake/3.22.1/bin/cmake -E cmake_link_script CMakeFiles/cmTC_69702.dir/link.txt --verbose=1
/Library/Developer/CommandLineTools/usr/bin/cc  -mavx512f -mavx512dq -mavx512vl -mavx512bw -mfma -isysroot /Library/Developer/CommandLineTools/SDKs/MacOSX.sdk -Wl,-search_paths_first -Wl,-headerpad_max_install_names CMakeFiles/cmTC_69702.dir/src.c.o -o cmTC_69702 


Source file was:

  #include <immintrin.h>

  int main()
  {
    __m512i a = _mm512_set_epi8(0, 0, 0, 0, 0, 0, 0, 0,
                                0, 0, 0, 0, 0, 0, 0, 0,
                                0, 0, 0, 0, 0, 0, 0, 0,
                                0, 0, 0, 0, 0, 0, 0, 0,
                                0, 0, 0, 0, 0, 0, 0, 0,
                                0, 0, 0, 0, 0, 0, 0, 0,
                                0, 0, 0, 0, 0, 0, 0, 0,
                                0, 0, 0, 0, 0, 0, 0, 0);
    __m512i b = a;
    __mmask64 equality_mask = _mm512_cmp_epi8_mask(a, b, _MM_CMPINT_EQ);
    return 0;
  }

Performing C++ SOURCE FILE Test CAFFE2_COMPILER_SUPPORTS_AVX512_EXTENSIONS succeeded with the following output:
Change Dir: /Users/wulongfei/pytorch/build/CMakeFiles/CMakeTmp

Run Build Command(s):/usr/bin/make -f Makefile cmTC_e0557/fast && /Library/Developer/CommandLineTools/usr/bin/make  -f CMakeFiles/cmTC_e0557.dir/build.make CMakeFiles/cmTC_e0557.dir/build
Building CXX object CMakeFiles/cmTC_e0557.dir/src.cxx.o
/Library/Developer/CommandLineTools/usr/bin/c++ -DCAFFE2_COMPILER_SUPPORTS_AVX512_EXTENSIONS  -Wno-deprecated -mavx512f -mavx512dq -mavx512vl -isysroot /Library/Developer/CommandLineTools/SDKs/MacOSX.sdk -std=gnu++14 -MD -MT CMakeFiles/cmTC_e0557.dir/src.cxx.o -MF CMakeFiles/cmTC_e0557.dir/src.cxx.o.d -o CMakeFiles/cmTC_e0557.dir/src.cxx.o -c /Users/wulongfei/pytorch/build/CMakeFiles/CMakeTmp/src.cxx
Linking CXX executable cmTC_e0557
/usr/local/Cellar/cmake/3.22.1/bin/cmake -E cmake_link_script CMakeFiles/cmTC_e0557.dir/link.txt --verbose=1
/Library/Developer/CommandLineTools/usr/bin/c++  -Wno-deprecated -mavx512f -mavx512dq -mavx512vl -isysroot /Library/Developer/CommandLineTools/SDKs/MacOSX.sdk -Wl,-search_paths_first -Wl,-headerpad_max_install_names CMakeFiles/cmTC_e0557.dir/src.cxx.o -o cmTC_e0557 


Source file was:
#if defined(_MSC_VER)
     #include <intrin.h>
     #else
     #include <immintrin.h>
     #endif
     // check avx512f
     __m512 addConstant(__m512 arg) {
       return _mm512_add_ps(arg, _mm512_set1_ps(1.f));
     }
     // check avx512dq
     __m512 andConstant(__m512 arg) {
       return _mm512_and_ps(arg, _mm512_set1_ps(1.f));
     }
     int main() {
       __m512i a = _mm512_set1_epi32(1);
       __m256i ymm = _mm512_extracti64x4_epi64(a, 0);
       ymm = _mm256_abs_epi64(ymm); // check avx512vl
       __mmask16 m = _mm512_cmp_epi32_mask(a, a, _MM_CMPINT_EQ);
       __m512i r = _mm512_andnot_si512(a, a);
     }
Performing C++ SOURCE FILE Test COMPILER_SUPPORTS_HIDDEN_VISIBILITY succeeded with the following output:
Change Dir: /Users/wulongfei/pytorch/build/CMakeFiles/CMakeTmp

Run Build Command(s):/usr/bin/make -f Makefile cmTC_20565/fast && /Library/Developer/CommandLineTools/usr/bin/make  -f CMakeFiles/cmTC_20565.dir/build.make CMakeFiles/cmTC_20565.dir/build
Building CXX object CMakeFiles/cmTC_20565.dir/src.cxx.o
/Library/Developer/CommandLineTools/usr/bin/c++ -DCOMPILER_SUPPORTS_HIDDEN_VISIBILITY  -Wno-deprecated  -isysroot /Library/Developer/CommandLineTools/SDKs/MacOSX.sdk   -fvisibility=hidden -std=gnu++14 -MD -MT CMakeFiles/cmTC_20565.dir/src.cxx.o -MF CMakeFiles/cmTC_20565.dir/src.cxx.o.d -o CMakeFiles/cmTC_20565.dir/src.cxx.o -c /Users/wulongfei/pytorch/build/CMakeFiles/CMakeTmp/src.cxx
Linking CXX executable cmTC_20565
/usr/local/Cellar/cmake/3.22.1/bin/cmake -E cmake_link_script CMakeFiles/cmTC_20565.dir/link.txt --verbose=1
/Library/Developer/CommandLineTools/usr/bin/c++  -Wno-deprecated  -isysroot /Library/Developer/CommandLineTools/SDKs/MacOSX.sdk -Wl,-search_paths_first -Wl,-headerpad_max_install_names CMakeFiles/cmTC_20565.dir/src.cxx.o -o cmTC_20565 


Source file was:
int main() { return 0; }
Performing C++ SOURCE FILE Test COMPILER_SUPPORTS_HIDDEN_INLINE_VISIBILITY succeeded with the following output:
Change Dir: /Users/wulongfei/pytorch/build/CMakeFiles/CMakeTmp

Run Build Command(s):/usr/bin/make -f Makefile cmTC_5ce8d/fast && /Library/Developer/CommandLineTools/usr/bin/make  -f CMakeFiles/cmTC_5ce8d.dir/build.make CMakeFiles/cmTC_5ce8d.dir/build
Building CXX object CMakeFiles/cmTC_5ce8d.dir/src.cxx.o
/Library/Developer/CommandLineTools/usr/bin/c++ -DCOMPILER_SUPPORTS_HIDDEN_INLINE_VISIBILITY  -Wno-deprecated  -isysroot /Library/Developer/CommandLineTools/SDKs/MacOSX.sdk   -fvisibility-inlines-hidden -std=gnu++14 -MD -MT CMakeFiles/cmTC_5ce8d.dir/src.cxx.o -MF CMakeFiles/cmTC_5ce8d.dir/src.cxx.o.d -o CMakeFiles/cmTC_5ce8d.dir/src.cxx.o -c /Users/wulongfei/pytorch/build/CMakeFiles/CMakeTmp/src.cxx
Linking CXX executable cmTC_5ce8d
/usr/local/Cellar/cmake/3.22.1/bin/cmake -E cmake_link_script CMakeFiles/cmTC_5ce8d.dir/link.txt --verbose=1
/Library/Developer/CommandLineTools/usr/bin/c++  -Wno-deprecated  -isysroot /Library/Developer/CommandLineTools/SDKs/MacOSX.sdk -Wl,-search_paths_first -Wl,-headerpad_max_install_names CMakeFiles/cmTC_5ce8d.dir/src.cxx.o -o cmTC_5ce8d 


Source file was:
int main() { return 0; }
Performing C++ SOURCE FILE Test COMPILER_SUPPORTS_RDYNAMIC succeeded with the following output:
Change Dir: /Users/wulongfei/pytorch/build/CMakeFiles/CMakeTmp

Run Build Command(s):/usr/bin/make -f Makefile cmTC_c3c97/fast && /Library/Developer/CommandLineTools/usr/bin/make  -f CMakeFiles/cmTC_c3c97.dir/build.make CMakeFiles/cmTC_c3c97.dir/build
Building CXX object CMakeFiles/cmTC_c3c97.dir/src.cxx.o
/Library/Developer/CommandLineTools/usr/bin/c++ -DCOMPILER_SUPPORTS_RDYNAMIC  -Wno-deprecated -fvisibility-inlines-hidden  -isysroot /Library/Developer/CommandLineTools/SDKs/MacOSX.sdk   -rdynamic -std=gnu++14 -MD -MT CMakeFiles/cmTC_c3c97.dir/src.cxx.o -MF CMakeFiles/cmTC_c3c97.dir/src.cxx.o.d -o CMakeFiles/cmTC_c3c97.dir/src.cxx.o -c /Users/wulongfei/pytorch/build/CMakeFiles/CMakeTmp/src.cxx
clang: warning: argument unused during compilation: '-rdynamic' [-Wunused-command-line-argument]
Linking CXX executable cmTC_c3c97
/usr/local/Cellar/cmake/3.22.1/bin/cmake -E cmake_link_script CMakeFiles/cmTC_c3c97.dir/link.txt --verbose=1
/Library/Developer/CommandLineTools/usr/bin/c++  -Wno-deprecated -fvisibility-inlines-hidden  -isysroot /Library/Developer/CommandLineTools/SDKs/MacOSX.sdk -Wl,-search_paths_first -Wl,-headerpad_max_install_names CMakeFiles/cmTC_c3c97.dir/src.cxx.o -o cmTC_c3c97 


Source file was:
int main() { return 0; }
Determining if the include file pthread.h exists passed with the following output:
Change Dir: /Users/wulongfei/pytorch/build/CMakeFiles/CMakeTmp

Run Build Command(s):/usr/bin/make -f Makefile cmTC_f93b0/fast && /Library/Developer/CommandLineTools/usr/bin/make  -f CMakeFiles/cmTC_f93b0.dir/build.make CMakeFiles/cmTC_f93b0.dir/build
Building C object CMakeFiles/cmTC_f93b0.dir/CheckIncludeFile.c.o
/Library/Developer/CommandLineTools/usr/bin/cc   -isysroot /Library/Developer/CommandLineTools/SDKs/MacOSX.sdk -fPIE -std=gnu11 -MD -MT CMakeFiles/cmTC_f93b0.dir/CheckIncludeFile.c.o -MF CMakeFiles/cmTC_f93b0.dir/CheckIncludeFile.c.o.d -o CMakeFiles/cmTC_f93b0.dir/CheckIncludeFile.c.o -c /Users/wulongfei/pytorch/build/CMakeFiles/CMakeTmp/CheckIncludeFile.c
Linking C executable cmTC_f93b0
/usr/local/Cellar/cmake/3.22.1/bin/cmake -E cmake_link_script CMakeFiles/cmTC_f93b0.dir/link.txt --verbose=1
/Library/Developer/CommandLineTools/usr/bin/cc  -isysroot /Library/Developer/CommandLineTools/SDKs/MacOSX.sdk -Wl,-search_paths_first -Wl,-headerpad_max_install_names  -rdynamic  CMakeFiles/cmTC_f93b0.dir/CheckIncludeFile.c.o -o cmTC_f93b0 



Performing C SOURCE FILE Test CMAKE_HAVE_LIBC_PTHREAD succeeded with the following output:
Change Dir: /Users/wulongfei/pytorch/build/CMakeFiles/CMakeTmp

Run Build Command(s):/usr/bin/make -f Makefile cmTC_b24d1/fast && /Library/Developer/CommandLineTools/usr/bin/make  -f CMakeFiles/cmTC_b24d1.dir/build.make CMakeFiles/cmTC_b24d1.dir/build
Building C object CMakeFiles/cmTC_b24d1.dir/src.c.o
/Library/Developer/CommandLineTools/usr/bin/cc -DCMAKE_HAVE_LIBC_PTHREAD  -isysroot /Library/Developer/CommandLineTools/SDKs/MacOSX.sdk -fPIE -std=gnu11 -MD -MT CMakeFiles/cmTC_b24d1.dir/src.c.o -MF CMakeFiles/cmTC_b24d1.dir/src.c.o.d -o CMakeFiles/cmTC_b24d1.dir/src.c.o -c /Users/wulongfei/pytorch/build/CMakeFiles/CMakeTmp/src.c
Linking C executable cmTC_b24d1
/usr/local/Cellar/cmake/3.22.1/bin/cmake -E cmake_link_script CMakeFiles/cmTC_b24d1.dir/link.txt --verbose=1
/Library/Developer/CommandLineTools/usr/bin/cc  -isysroot /Library/Developer/CommandLineTools/SDKs/MacOSX.sdk -Wl,-search_paths_first -Wl,-headerpad_max_install_names  -rdynamic  CMakeFiles/cmTC_b24d1.dir/src.c.o -o cmTC_b24d1 


Source file was:
#include <pthread.h>

static void* test_func(void* data)
{
  return data;
}

int main(void)
{
  pthread_t thread;
  pthread_create(&thread, NULL, test_func, NULL);
  pthread_detach(thread);
  pthread_cancel(thread);
  pthread_join(thread, NULL);
  pthread_atfork(NULL, NULL, NULL);
  pthread_exit(NULL);

  return 0;
}

Performing C++ SOURCE FILE Test protobuf_HAVE_BUILTIN_ATOMICS succeeded with the following output:
Change Dir: /Users/wulongfei/pytorch/build/CMakeFiles/CMakeTmp

Run Build Command(s):/usr/bin/make -f Makefile cmTC_863be/fast && /Library/Developer/CommandLineTools/usr/bin/make  -f CMakeFiles/cmTC_863be.dir/build.make CMakeFiles/cmTC_863be.dir/build
Building CXX object CMakeFiles/cmTC_863be.dir/src.cxx.o
/Library/Developer/CommandLineTools/usr/bin/c++ -Dprotobuf_HAVE_BUILTIN_ATOMICS  -Wno-deprecated -fvisibility-inlines-hidden -Wno-deprecated-declarations -fvisibility=hidden -fvisibility-inlines-hidden -std=c++11 -isysroot /Library/Developer/CommandLineTools/SDKs/MacOSX.sdk -fPIE -std=c++11 -MD -MT CMakeFiles/cmTC_863be.dir/src.cxx.o -MF CMakeFiles/cmTC_863be.dir/src.cxx.o.d -o CMakeFiles/cmTC_863be.dir/src.cxx.o -c /Users/wulongfei/pytorch/build/CMakeFiles/CMakeTmp/src.cxx
Linking CXX executable cmTC_863be
/usr/local/Cellar/cmake/3.22.1/bin/cmake -E cmake_link_script CMakeFiles/cmTC_863be.dir/link.txt --verbose=1
/Library/Developer/CommandLineTools/usr/bin/c++  -Wno-deprecated -fvisibility-inlines-hidden -Wno-deprecated-declarations -fvisibility=hidden -fvisibility-inlines-hidden -std=c++11 -isysroot /Library/Developer/CommandLineTools/SDKs/MacOSX.sdk -Wl,-search_paths_first -Wl,-headerpad_max_install_names  -rdynamic  CMakeFiles/cmTC_863be.dir/src.cxx.o -o cmTC_863be 


Source file was:

    #include <atomic>
    int main() {
      return std::atomic<int64_t>{};
    }
  
Determining if the include file sys/types.h exists passed with the following output:
Change Dir: /Users/wulongfei/pytorch/build/CMakeFiles/CMakeTmp

Run Build Command(s):/usr/bin/make -f Makefile cmTC_f3f3a/fast && /Library/Developer/CommandLineTools/usr/bin/make  -f CMakeFiles/cmTC_f3f3a.dir/build.make CMakeFiles/cmTC_f3f3a.dir/build
Building C object CMakeFiles/cmTC_f3f3a.dir/CheckIncludeFile.c.o
/Library/Developer/CommandLineTools/usr/bin/cc   -isysroot /Library/Developer/CommandLineTools/SDKs/MacOSX.sdk -std=gnu11 -MD -MT CMakeFiles/cmTC_f3f3a.dir/CheckIncludeFile.c.o -MF CMakeFiles/cmTC_f3f3a.dir/CheckIncludeFile.c.o.d -o CMakeFiles/cmTC_f3f3a.dir/CheckIncludeFile.c.o -c /Users/wulongfei/pytorch/build/CMakeFiles/CMakeTmp/CheckIncludeFile.c
Linking C executable cmTC_f3f3a
/usr/local/Cellar/cmake/3.22.1/bin/cmake -E cmake_link_script CMakeFiles/cmTC_f3f3a.dir/link.txt --verbose=1
/Library/Developer/CommandLineTools/usr/bin/cc  -isysroot /Library/Developer/CommandLineTools/SDKs/MacOSX.sdk -Wl,-search_paths_first -Wl,-headerpad_max_install_names  -rdynamic  CMakeFiles/cmTC_f3f3a.dir/CheckIncludeFile.c.o -o cmTC_f3f3a 



Determining if the include file stdint.h exists passed with the following output:
Change Dir: /Users/wulongfei/pytorch/build/CMakeFiles/CMakeTmp

Run Build Command(s):/usr/bin/make -f Makefile cmTC_168a0/fast && /Library/Developer/CommandLineTools/usr/bin/make  -f CMakeFiles/cmTC_168a0.dir/build.make CMakeFiles/cmTC_168a0.dir/build
Building C object CMakeFiles/cmTC_168a0.dir/CheckIncludeFile.c.o
/Library/Developer/CommandLineTools/usr/bin/cc   -isysroot /Library/Developer/CommandLineTools/SDKs/MacOSX.sdk -std=gnu11 -MD -MT CMakeFiles/cmTC_168a0.dir/CheckIncludeFile.c.o -MF CMakeFiles/cmTC_168a0.dir/CheckIncludeFile.c.o.d -o CMakeFiles/cmTC_168a0.dir/CheckIncludeFile.c.o -c /Users/wulongfei/pytorch/build/CMakeFiles/CMakeTmp/CheckIncludeFile.c
Linking C executable cmTC_168a0
/usr/local/Cellar/cmake/3.22.1/bin/cmake -E cmake_link_script CMakeFiles/cmTC_168a0.dir/link.txt --verbose=1
/Library/Developer/CommandLineTools/usr/bin/cc  -isysroot /Library/Developer/CommandLineTools/SDKs/MacOSX.sdk -Wl,-search_paths_first -Wl,-headerpad_max_install_names  -rdynamic  CMakeFiles/cmTC_168a0.dir/CheckIncludeFile.c.o -o cmTC_168a0 



Determining if the include file stddef.h exists passed with the following output:
Change Dir: /Users/wulongfei/pytorch/build/CMakeFiles/CMakeTmp

Run Build Command(s):/usr/bin/make -f Makefile cmTC_66c72/fast && /Library/Developer/CommandLineTools/usr/bin/make  -f CMakeFiles/cmTC_66c72.dir/build.make CMakeFiles/cmTC_66c72.dir/build
Building C object CMakeFiles/cmTC_66c72.dir/CheckIncludeFile.c.o
/Library/Developer/CommandLineTools/usr/bin/cc   -isysroot /Library/Developer/CommandLineTools/SDKs/MacOSX.sdk -std=gnu11 -MD -MT CMakeFiles/cmTC_66c72.dir/CheckIncludeFile.c.o -MF CMakeFiles/cmTC_66c72.dir/CheckIncludeFile.c.o.d -o CMakeFiles/cmTC_66c72.dir/CheckIncludeFile.c.o -c /Users/wulongfei/pytorch/build/CMakeFiles/CMakeTmp/CheckIncludeFile.c
Linking C executable cmTC_66c72
/usr/local/Cellar/cmake/3.22.1/bin/cmake -E cmake_link_script CMakeFiles/cmTC_66c72.dir/link.txt --verbose=1
/Library/Developer/CommandLineTools/usr/bin/cc  -isysroot /Library/Developer/CommandLineTools/SDKs/MacOSX.sdk -Wl,-search_paths_first -Wl,-headerpad_max_install_names  -rdynamic  CMakeFiles/cmTC_66c72.dir/CheckIncludeFile.c.o -o cmTC_66c72 



Determining size of void* passed with the following output:
Change Dir: /Users/wulongfei/pytorch/build/CMakeFiles/CMakeTmp

Run Build Command(s):/usr/bin/make -f Makefile cmTC_e2ddd/fast && /Library/Developer/CommandLineTools/usr/bin/make  -f CMakeFiles/cmTC_e2ddd.dir/build.make CMakeFiles/cmTC_e2ddd.dir/build
Building C object CMakeFiles/cmTC_e2ddd.dir/SIZE_OF_VOIDP.c.o
/Library/Developer/CommandLineTools/usr/bin/cc   -isysroot /Library/Developer/CommandLineTools/SDKs/MacOSX.sdk -std=gnu11 -MD -MT CMakeFiles/cmTC_e2ddd.dir/SIZE_OF_VOIDP.c.o -MF CMakeFiles/cmTC_e2ddd.dir/SIZE_OF_VOIDP.c.o.d -o CMakeFiles/cmTC_e2ddd.dir/SIZE_OF_VOIDP.c.o -c /Users/wulongfei/pytorch/build/CMakeFiles/CheckTypeSize/SIZE_OF_VOIDP.c
Linking C executable cmTC_e2ddd
/usr/local/Cellar/cmake/3.22.1/bin/cmake -E cmake_link_script CMakeFiles/cmTC_e2ddd.dir/link.txt --verbose=1
/Library/Developer/CommandLineTools/usr/bin/cc  -isysroot /Library/Developer/CommandLineTools/SDKs/MacOSX.sdk -Wl,-search_paths_first -Wl,-headerpad_max_install_names  -rdynamic  CMakeFiles/cmTC_e2ddd.dir/SIZE_OF_VOIDP.c.o -o cmTC_e2ddd 



Determining if the function sgemm_ exists passed with the following output:
Change Dir: /Users/wulongfei/pytorch/build/CMakeFiles/CMakeTmp

Run Build Command(s):/usr/bin/make -f Makefile cmTC_5954b/fast && /Library/Developer/CommandLineTools/usr/bin/make  -f CMakeFiles/cmTC_5954b.dir/build.make CMakeFiles/cmTC_5954b.dir/build
Building C object CMakeFiles/cmTC_5954b.dir/CheckFunctionExists.c.o
/Library/Developer/CommandLineTools/usr/bin/cc   -DCHECK_FUNCTION_EXISTS=sgemm_ -isysroot /Library/Developer/CommandLineTools/SDKs/MacOSX.sdk -std=gnu11 -MD -MT CMakeFiles/cmTC_5954b.dir/CheckFunctionExists.c.o -MF CMakeFiles/cmTC_5954b.dir/CheckFunctionExists.c.o.d -o CMakeFiles/cmTC_5954b.dir/CheckFunctionExists.c.o -c /usr/local/Cellar/cmake/3.22.1/share/cmake/Modules/CheckFunctionExists.c
Linking C executable cmTC_5954b
/usr/local/Cellar/cmake/3.22.1/bin/cmake -E cmake_link_script CMakeFiles/cmTC_5954b.dir/link.txt --verbose=1
/Library/Developer/CommandLineTools/usr/bin/cc  -DCHECK_FUNCTION_EXISTS=sgemm_ -isysroot /Library/Developer/CommandLineTools/SDKs/MacOSX.sdk -Wl,-search_paths_first -Wl,-headerpad_max_install_names  -rdynamic  CMakeFiles/cmTC_5954b.dir/CheckFunctionExists.c.o -o cmTC_5954b  -framework Accelerate 



Performing C SOURCE FILE Test BLAS_F2C_DOUBLE_WORKS succeeded with the following compile output:
Change Dir: /Users/wulongfei/pytorch/build/CMakeFiles/CMakeTmp

Run Build Command(s):/usr/bin/make -f Makefile cmTC_60ce8/fast && /Library/Developer/CommandLineTools/usr/bin/make  -f CMakeFiles/cmTC_60ce8.dir/build.make CMakeFiles/cmTC_60ce8.dir/build
Building C object CMakeFiles/cmTC_60ce8.dir/src.c.o
/Library/Developer/CommandLineTools/usr/bin/cc -DBLAS_F2C_DOUBLE_WORKS  -isysroot /Library/Developer/CommandLineTools/SDKs/MacOSX.sdk -std=gnu11 -MD -MT CMakeFiles/cmTC_60ce8.dir/src.c.o -MF CMakeFiles/cmTC_60ce8.dir/src.c.o.d -o CMakeFiles/cmTC_60ce8.dir/src.c.o -c /Users/wulongfei/pytorch/build/CMakeFiles/CMakeTmp/src.c
Linking C executable cmTC_60ce8
/usr/local/Cellar/cmake/3.22.1/bin/cmake -E cmake_link_script CMakeFiles/cmTC_60ce8.dir/link.txt --verbose=1
/Library/Developer/CommandLineTools/usr/bin/cc  -isysroot /Library/Developer/CommandLineTools/SDKs/MacOSX.sdk -Wl,-search_paths_first -Wl,-headerpad_max_install_names  -rdynamic  CMakeFiles/cmTC_60ce8.dir/src.c.o -o cmTC_60ce8  -framework Accelerate 


...and run output:

Return value: 1
Source file was:

  #include <stdlib.h>
  #include <stdio.h>
  float x[4] = { 1, 2, 3, 4 };
  float y[4] = { .1, .01, .001, .0001 };
  int four = 4;
  int one = 1;
  extern double sdot_();
  int main() {
    int i;
    double r = sdot_(&four, x, &one, y, &one);
    exit((float)r != (float).1234);
  }
Performing C SOURCE FILE Test BLAS_USE_CBLAS_DOT succeeded with the following compile output:
Change Dir: /Users/wulongfei/pytorch/build/CMakeFiles/CMakeTmp

Run Build Command(s):/usr/bin/make -f Makefile cmTC_ecb3d/fast && /Library/Developer/CommandLineTools/usr/bin/make  -f CMakeFiles/cmTC_ecb3d.dir/build.make CMakeFiles/cmTC_ecb3d.dir/build
Building C object CMakeFiles/cmTC_ecb3d.dir/src.c.o
/Library/Developer/CommandLineTools/usr/bin/cc -DBLAS_USE_CBLAS_DOT  -isysroot /Library/Developer/CommandLineTools/SDKs/MacOSX.sdk -std=gnu11 -MD -MT CMakeFiles/cmTC_ecb3d.dir/src.c.o -MF CMakeFiles/cmTC_ecb3d.dir/src.c.o.d -o CMakeFiles/cmTC_ecb3d.dir/src.c.o -c /Users/wulongfei/pytorch/build/CMakeFiles/CMakeTmp/src.c
Linking C executable cmTC_ecb3d
/usr/local/Cellar/cmake/3.22.1/bin/cmake -E cmake_link_script CMakeFiles/cmTC_ecb3d.dir/link.txt --verbose=1
/Library/Developer/CommandLineTools/usr/bin/cc  -isysroot /Library/Developer/CommandLineTools/SDKs/MacOSX.sdk -Wl,-search_paths_first -Wl,-headerpad_max_install_names  -rdynamic  CMakeFiles/cmTC_ecb3d.dir/src.c.o -o cmTC_ecb3d  -framework Accelerate 


...and run output:

Return value: 1
Source file was:

  #include <stdlib.h>
  #include <stdio.h>
  float x[4] = { 1, 2, 3, 4 };
  float y[4] = { .1, .01, .001, .0001 };
  extern float cblas_sdot();
  int main() {
    int i;
    double r = cblas_sdot(4, x, 1, y, 1);
    exit((float)r != (float).1234);
  }
Checking whether the ASM compiler is Clang using "--version" matched "(clang version)":
Apple clang version 13.1.6 (clang-1316.0.21.2.3)
Target: x86_64-apple-darwin21.4.0
Thread model: posix
InstalledDir: /Library/Developer/CommandLineTools/usr/bin
Performing C++ SOURCE FILE Test HAVE_CXX_FLAG_STD_CXX11 succeeded with the following output:
Change Dir: /Users/wulongfei/pytorch/build/CMakeFiles/CMakeTmp

Run Build Command(s):/usr/bin/make -f Makefile cmTC_3ffd4/fast && /Library/Developer/CommandLineTools/usr/bin/make  -f CMakeFiles/cmTC_3ffd4.dir/build.make CMakeFiles/cmTC_3ffd4.dir/build
Building CXX object CMakeFiles/cmTC_3ffd4.dir/src.cxx.o
/Library/Developer/CommandLineTools/usr/bin/c++ -DHAVE_CXX_FLAG_STD_CXX11  -Wno-deprecated -fvisibility-inlines-hidden -Wno-deprecated-declarations -DUSE_PTHREADPOOL  -std=c++11 -isysroot /Library/Developer/CommandLineTools/SDKs/MacOSX.sdk   -std=c++11 -std=gnu++14 -MD -MT CMakeFiles/cmTC_3ffd4.dir/src.cxx.o -MF CMakeFiles/cmTC_3ffd4.dir/src.cxx.o.d -o CMakeFiles/cmTC_3ffd4.dir/src.cxx.o -c /Users/wulongfei/pytorch/build/CMakeFiles/CMakeTmp/src.cxx
Linking CXX executable cmTC_3ffd4
/usr/local/Cellar/cmake/3.22.1/bin/cmake -E cmake_link_script CMakeFiles/cmTC_3ffd4.dir/link.txt --verbose=1
/Library/Developer/CommandLineTools/usr/bin/c++  -Wno-deprecated -fvisibility-inlines-hidden -Wno-deprecated-declarations -DUSE_PTHREADPOOL  -std=c++11 -isysroot /Library/Developer/CommandLineTools/SDKs/MacOSX.sdk -Wl,-search_paths_first -Wl,-headerpad_max_install_names  -rdynamic  CMakeFiles/cmTC_3ffd4.dir/src.cxx.o -o cmTC_3ffd4 


Source file was:
int main() { return 0; }
Performing C++ SOURCE FILE Test HAVE_CXX_FLAG_WALL succeeded with the following output:
Change Dir: /Users/wulongfei/pytorch/build/CMakeFiles/CMakeTmp

Run Build Command(s):/usr/bin/make -f Makefile cmTC_f2d2a/fast && /Library/Developer/CommandLineTools/usr/bin/make  -f CMakeFiles/cmTC_f2d2a.dir/build.make CMakeFiles/cmTC_f2d2a.dir/build
Building CXX object CMakeFiles/cmTC_f2d2a.dir/src.cxx.o
/Library/Developer/CommandLineTools/usr/bin/c++ -DHAVE_CXX_FLAG_WALL  -Wno-deprecated -fvisibility-inlines-hidden -Wno-deprecated-declarations -DUSE_PTHREADPOOL  -std=c++11  -Wall -isysroot /Library/Developer/CommandLineTools/SDKs/MacOSX.sdk   -Wall -std=gnu++14 -MD -MT CMakeFiles/cmTC_f2d2a.dir/src.cxx.o -MF CMakeFiles/cmTC_f2d2a.dir/src.cxx.o.d -o CMakeFiles/cmTC_f2d2a.dir/src.cxx.o -c /Users/wulongfei/pytorch/build/CMakeFiles/CMakeTmp/src.cxx
Linking CXX executable cmTC_f2d2a
/usr/local/Cellar/cmake/3.22.1/bin/cmake -E cmake_link_script CMakeFiles/cmTC_f2d2a.dir/link.txt --verbose=1
/Library/Developer/CommandLineTools/usr/bin/c++  -Wno-deprecated -fvisibility-inlines-hidden -Wno-deprecated-declarations -DUSE_PTHREADPOOL  -std=c++11  -Wall -isysroot /Library/Developer/CommandLineTools/SDKs/MacOSX.sdk -Wl,-search_paths_first -Wl,-headerpad_max_install_names  -rdynamic  CMakeFiles/cmTC_f2d2a.dir/src.cxx.o -o cmTC_f2d2a 


Source file was:
int main() { return 0; }
Performing C++ SOURCE FILE Test HAVE_CXX_FLAG_WEXTRA succeeded with the following output:
Change Dir: /Users/wulongfei/pytorch/build/CMakeFiles/CMakeTmp

Run Build Command(s):/usr/bin/make -f Makefile cmTC_3b727/fast && /Library/Developer/CommandLineTools/usr/bin/make  -f CMakeFiles/cmTC_3b727.dir/build.make CMakeFiles/cmTC_3b727.dir/build
Building CXX object CMakeFiles/cmTC_3b727.dir/src.cxx.o
/Library/Developer/CommandLineTools/usr/bin/c++ -DHAVE_CXX_FLAG_WEXTRA  -Wno-deprecated -fvisibility-inlines-hidden -Wno-deprecated-declarations -DUSE_PTHREADPOOL  -std=c++11  -Wall  -Wextra -isysroot /Library/Developer/CommandLineTools/SDKs/MacOSX.sdk   -Wextra -std=gnu++14 -MD -MT CMakeFiles/cmTC_3b727.dir/src.cxx.o -MF CMakeFiles/cmTC_3b727.dir/src.cxx.o.d -o CMakeFiles/cmTC_3b727.dir/src.cxx.o -c /Users/wulongfei/pytorch/build/CMakeFiles/CMakeTmp/src.cxx
Linking CXX executable cmTC_3b727
/usr/local/Cellar/cmake/3.22.1/bin/cmake -E cmake_link_script CMakeFiles/cmTC_3b727.dir/link.txt --verbose=1
/Library/Developer/CommandLineTools/usr/bin/c++  -Wno-deprecated -fvisibility-inlines-hidden -Wno-deprecated-declarations -DUSE_PTHREADPOOL  -std=c++11  -Wall  -Wextra -isysroot /Library/Developer/CommandLineTools/SDKs/MacOSX.sdk -Wl,-search_paths_first -Wl,-headerpad_max_install_names  -rdynamic  CMakeFiles/cmTC_3b727.dir/src.cxx.o -o cmTC_3b727 


Source file was:
int main() { return 0; }
Performing C++ SOURCE FILE Test HAVE_CXX_FLAG_WSHADOW succeeded with the following output:
Change Dir: /Users/wulongfei/pytorch/build/CMakeFiles/CMakeTmp

Run Build Command(s):/usr/bin/make -f Makefile cmTC_e7291/fast && /Library/Developer/CommandLineTools/usr/bin/make  -f CMakeFiles/cmTC_e7291.dir/build.make CMakeFiles/cmTC_e7291.dir/build
Building CXX object CMakeFiles/cmTC_e7291.dir/src.cxx.o
/Library/Developer/CommandLineTools/usr/bin/c++ -DHAVE_CXX_FLAG_WSHADOW  -Wno-deprecated -fvisibility-inlines-hidden -Wno-deprecated-declarations -DUSE_PTHREADPOOL  -std=c++11  -Wall  -Wextra  -Wshadow -isysroot /Library/Developer/CommandLineTools/SDKs/MacOSX.sdk   -Wshadow -std=gnu++14 -MD -MT CMakeFiles/cmTC_e7291.dir/src.cxx.o -MF CMakeFiles/cmTC_e7291.dir/src.cxx.o.d -o CMakeFiles/cmTC_e7291.dir/src.cxx.o -c /Users/wulongfei/pytorch/build/CMakeFiles/CMakeTmp/src.cxx
Linking CXX executable cmTC_e7291
/usr/local/Cellar/cmake/3.22.1/bin/cmake -E cmake_link_script CMakeFiles/cmTC_e7291.dir/link.txt --verbose=1
/Library/Developer/CommandLineTools/usr/bin/c++  -Wno-deprecated -fvisibility-inlines-hidden -Wno-deprecated-declarations -DUSE_PTHREADPOOL  -std=c++11  -Wall  -Wextra  -Wshadow -isysroot /Library/Developer/CommandLineTools/SDKs/MacOSX.sdk -Wl,-search_paths_first -Wl,-headerpad_max_install_names  -rdynamic  CMakeFiles/cmTC_e7291.dir/src.cxx.o -o cmTC_e7291 


Source file was:
int main() { return 0; }
Performing C++ SOURCE FILE Test HAVE_CXX_FLAG_WERROR succeeded with the following output:
Change Dir: /Users/wulongfei/pytorch/build/CMakeFiles/CMakeTmp

Run Build Command(s):/usr/bin/make -f Makefile cmTC_2acdc/fast && /Library/Developer/CommandLineTools/usr/bin/make  -f CMakeFiles/cmTC_2acdc.dir/build.make CMakeFiles/cmTC_2acdc.dir/build
Building CXX object CMakeFiles/cmTC_2acdc.dir/src.cxx.o
/Library/Developer/CommandLineTools/usr/bin/c++ -DHAVE_CXX_FLAG_WERROR  -Wno-deprecated -fvisibility-inlines-hidden -Wno-deprecated-declarations -DUSE_PTHREADPOOL  -std=c++11  -Wall  -Wextra  -Wshadow  -Werror -isysroot /Library/Developer/CommandLineTools/SDKs/MacOSX.sdk   -Werror -std=gnu++14 -MD -MT CMakeFiles/cmTC_2acdc.dir/src.cxx.o -MF CMakeFiles/cmTC_2acdc.dir/src.cxx.o.d -o CMakeFiles/cmTC_2acdc.dir/src.cxx.o -c /Users/wulongfei/pytorch/build/CMakeFiles/CMakeTmp/src.cxx
Linking CXX executable cmTC_2acdc
/usr/local/Cellar/cmake/3.22.1/bin/cmake -E cmake_link_script CMakeFiles/cmTC_2acdc.dir/link.txt --verbose=1
/Library/Developer/CommandLineTools/usr/bin/c++  -Wno-deprecated -fvisibility-inlines-hidden -Wno-deprecated-declarations -DUSE_PTHREADPOOL  -std=c++11  -Wall  -Wextra  -Wshadow  -Werror -isysroot /Library/Developer/CommandLineTools/SDKs/MacOSX.sdk -Wl,-search_paths_first -Wl,-headerpad_max_install_names  -rdynamic  CMakeFiles/cmTC_2acdc.dir/src.cxx.o -o cmTC_2acdc 


Source file was:
int main() { return 0; }
Performing C++ SOURCE FILE Test HAVE_CXX_FLAG_WSUGGEST_OVERRIDE succeeded with the following output:
Change Dir: /Users/wulongfei/pytorch/build/CMakeFiles/CMakeTmp

Run Build Command(s):/usr/bin/make -f Makefile cmTC_7d8fe/fast && /Library/Developer/CommandLineTools/usr/bin/make  -f CMakeFiles/cmTC_7d8fe.dir/build.make CMakeFiles/cmTC_7d8fe.dir/build
Building CXX object CMakeFiles/cmTC_7d8fe.dir/src.cxx.o
/Library/Developer/CommandLineTools/usr/bin/c++ -DHAVE_CXX_FLAG_WSUGGEST_OVERRIDE  -Wno-deprecated -fvisibility-inlines-hidden -Wno-deprecated-declarations -DUSE_PTHREADPOOL  -std=c++11  -Wall  -Wextra  -Wshadow  -Wsuggest-override -isysroot /Library/Developer/CommandLineTools/SDKs/MacOSX.sdk   -Wsuggest-override -std=gnu++14 -MD -MT CMakeFiles/cmTC_7d8fe.dir/src.cxx.o -MF CMakeFiles/cmTC_7d8fe.dir/src.cxx.o.d -o CMakeFiles/cmTC_7d8fe.dir/src.cxx.o -c /Users/wulongfei/pytorch/build/CMakeFiles/CMakeTmp/src.cxx
Linking CXX executable cmTC_7d8fe
/usr/local/Cellar/cmake/3.22.1/bin/cmake -E cmake_link_script CMakeFiles/cmTC_7d8fe.dir/link.txt --verbose=1
/Library/Developer/CommandLineTools/usr/bin/c++  -Wno-deprecated -fvisibility-inlines-hidden -Wno-deprecated-declarations -DUSE_PTHREADPOOL  -std=c++11  -Wall  -Wextra  -Wshadow  -Wsuggest-override -isysroot /Library/Developer/CommandLineTools/SDKs/MacOSX.sdk -Wl,-search_paths_first -Wl,-headerpad_max_install_names  -rdynamic  CMakeFiles/cmTC_7d8fe.dir/src.cxx.o -o cmTC_7d8fe 


Source file was:
int main() { return 0; }
Performing C++ SOURCE FILE Test HAVE_CXX_FLAG_PEDANTIC succeeded with the following output:
Change Dir: /Users/wulongfei/pytorch/build/CMakeFiles/CMakeTmp

Run Build Command(s):/usr/bin/make -f Makefile cmTC_f50fc/fast && /Library/Developer/CommandLineTools/usr/bin/make  -f CMakeFiles/cmTC_f50fc.dir/build.make CMakeFiles/cmTC_f50fc.dir/build
Building CXX object CMakeFiles/cmTC_f50fc.dir/src.cxx.o
/Library/Developer/CommandLineTools/usr/bin/c++ -DHAVE_CXX_FLAG_PEDANTIC  -Wno-deprecated -fvisibility-inlines-hidden -Wno-deprecated-declarations -DUSE_PTHREADPOOL  -std=c++11  -Wall  -Wextra  -Wshadow  -Wsuggest-override  -pedantic -isysroot /Library/Developer/CommandLineTools/SDKs/MacOSX.sdk   -pedantic -std=gnu++14 -MD -MT CMakeFiles/cmTC_f50fc.dir/src.cxx.o -MF CMakeFiles/cmTC_f50fc.dir/src.cxx.o.d -o CMakeFiles/cmTC_f50fc.dir/src.cxx.o -c /Users/wulongfei/pytorch/build/CMakeFiles/CMakeTmp/src.cxx
Linking CXX executable cmTC_f50fc
/usr/local/Cellar/cmake/3.22.1/bin/cmake -E cmake_link_script CMakeFiles/cmTC_f50fc.dir/link.txt --verbose=1
/Library/Developer/CommandLineTools/usr/bin/c++  -Wno-deprecated -fvisibility-inlines-hidden -Wno-deprecated-declarations -DUSE_PTHREADPOOL  -std=c++11  -Wall  -Wextra  -Wshadow  -Wsuggest-override  -pedantic -isysroot /Library/Developer/CommandLineTools/SDKs/MacOSX.sdk -Wl,-search_paths_first -Wl,-headerpad_max_install_names  -rdynamic  CMakeFiles/cmTC_f50fc.dir/src.cxx.o -o cmTC_f50fc 


Source file was:
int main() { return 0; }
Performing C++ SOURCE FILE Test HAVE_CXX_FLAG_PEDANTIC_ERRORS succeeded with the following output:
Change Dir: /Users/wulongfei/pytorch/build/CMakeFiles/CMakeTmp

Run Build Command(s):/usr/bin/make -f Makefile cmTC_d90eb/fast && /Library/Developer/CommandLineTools/usr/bin/make  -f CMakeFiles/cmTC_d90eb.dir/build.make CMakeFiles/cmTC_d90eb.dir/build
Building CXX object CMakeFiles/cmTC_d90eb.dir/src.cxx.o
/Library/Developer/CommandLineTools/usr/bin/c++ -DHAVE_CXX_FLAG_PEDANTIC_ERRORS  -Wno-deprecated -fvisibility-inlines-hidden -Wno-deprecated-declarations -DUSE_PTHREADPOOL  -std=c++11  -Wall  -Wextra  -Wshadow  -Wsuggest-override  -pedantic  -pedantic-errors -isysroot /Library/Developer/CommandLineTools/SDKs/MacOSX.sdk   -pedantic-errors -std=gnu++14 -MD -MT CMakeFiles/cmTC_d90eb.dir/src.cxx.o -MF CMakeFiles/cmTC_d90eb.dir/src.cxx.o.d -o CMakeFiles/cmTC_d90eb.dir/src.cxx.o -c /Users/wulongfei/pytorch/build/CMakeFiles/CMakeTmp/src.cxx
Linking CXX executable cmTC_d90eb
/usr/local/Cellar/cmake/3.22.1/bin/cmake -E cmake_link_script CMakeFiles/cmTC_d90eb.dir/link.txt --verbose=1
/Library/Developer/CommandLineTools/usr/bin/c++  -Wno-deprecated -fvisibility-inlines-hidden -Wno-deprecated-declarations -DUSE_PTHREADPOOL  -std=c++11  -Wall  -Wextra  -Wshadow  -Wsuggest-override  -pedantic  -pedantic-errors -isysroot /Library/Developer/CommandLineTools/SDKs/MacOSX.sdk -Wl,-search_paths_first -Wl,-headerpad_max_install_names  -rdynamic  CMakeFiles/cmTC_d90eb.dir/src.cxx.o -o cmTC_d90eb 


Source file was:
int main() { return 0; }
Performing C++ SOURCE FILE Test HAVE_CXX_FLAG_WSHORTEN_64_TO_32 succeeded with the following output:
Change Dir: /Users/wulongfei/pytorch/build/CMakeFiles/CMakeTmp

Run Build Command(s):/usr/bin/make -f Makefile cmTC_96293/fast && /Library/Developer/CommandLineTools/usr/bin/make  -f CMakeFiles/cmTC_96293.dir/build.make CMakeFiles/cmTC_96293.dir/build
Building CXX object CMakeFiles/cmTC_96293.dir/src.cxx.o
/Library/Developer/CommandLineTools/usr/bin/c++ -DHAVE_CXX_FLAG_WSHORTEN_64_TO_32  -Wno-deprecated -fvisibility-inlines-hidden -Wno-deprecated-declarations -DUSE_PTHREADPOOL  -std=c++11  -Wall  -Wextra  -Wshadow  -Wsuggest-override  -pedantic  -pedantic-errors  -Wshorten-64-to-32 -isysroot /Library/Developer/CommandLineTools/SDKs/MacOSX.sdk   -Wshorten-64-to-32 -std=gnu++14 -MD -MT CMakeFiles/cmTC_96293.dir/src.cxx.o -MF CMakeFiles/cmTC_96293.dir/src.cxx.o.d -o CMakeFiles/cmTC_96293.dir/src.cxx.o -c /Users/wulongfei/pytorch/build/CMakeFiles/CMakeTmp/src.cxx
Linking CXX executable cmTC_96293
/usr/local/Cellar/cmake/3.22.1/bin/cmake -E cmake_link_script CMakeFiles/cmTC_96293.dir/link.txt --verbose=1
/Library/Developer/CommandLineTools/usr/bin/c++  -Wno-deprecated -fvisibility-inlines-hidden -Wno-deprecated-declarations -DUSE_PTHREADPOOL  -std=c++11  -Wall  -Wextra  -Wshadow  -Wsuggest-override  -pedantic  -pedantic-errors  -Wshorten-64-to-32 -isysroot /Library/Developer/CommandLineTools/SDKs/MacOSX.sdk -Wl,-search_paths_first -Wl,-headerpad_max_install_names  -rdynamic  CMakeFiles/cmTC_96293.dir/src.cxx.o -o cmTC_96293 


Source file was:
int main() { return 0; }
Performing C++ SOURCE FILE Test HAVE_CXX_FLAG_FSTRICT_ALIASING succeeded with the following output:
Change Dir: /Users/wulongfei/pytorch/build/CMakeFiles/CMakeTmp

Run Build Command(s):/usr/bin/make -f Makefile cmTC_d011c/fast && /Library/Developer/CommandLineTools/usr/bin/make  -f CMakeFiles/cmTC_d011c.dir/build.make CMakeFiles/cmTC_d011c.dir/build
Building CXX object CMakeFiles/cmTC_d011c.dir/src.cxx.o
/Library/Developer/CommandLineTools/usr/bin/c++ -DHAVE_CXX_FLAG_FSTRICT_ALIASING  -Wno-deprecated -fvisibility-inlines-hidden -Wno-deprecated-declarations -DUSE_PTHREADPOOL  -std=c++11  -Wall  -Wextra  -Wshadow  -Wsuggest-override  -pedantic  -pedantic-errors  -Wshorten-64-to-32  -fstrict-aliasing -isysroot /Library/Developer/CommandLineTools/SDKs/MacOSX.sdk   -fstrict-aliasing -std=gnu++14 -MD -MT CMakeFiles/cmTC_d011c.dir/src.cxx.o -MF CMakeFiles/cmTC_d011c.dir/src.cxx.o.d -o CMakeFiles/cmTC_d011c.dir/src.cxx.o -c /Users/wulongfei/pytorch/build/CMakeFiles/CMakeTmp/src.cxx
Linking CXX executable cmTC_d011c
/usr/local/Cellar/cmake/3.22.1/bin/cmake -E cmake_link_script CMakeFiles/cmTC_d011c.dir/link.txt --verbose=1
/Library/Developer/CommandLineTools/usr/bin/c++  -Wno-deprecated -fvisibility-inlines-hidden -Wno-deprecated-declarations -DUSE_PTHREADPOOL  -std=c++11  -Wall  -Wextra  -Wshadow  -Wsuggest-override  -pedantic  -pedantic-errors  -Wshorten-64-to-32  -fstrict-aliasing -isysroot /Library/Developer/CommandLineTools/SDKs/MacOSX.sdk -Wl,-search_paths_first -Wl,-headerpad_max_install_names  -rdynamic  CMakeFiles/cmTC_d011c.dir/src.cxx.o -o cmTC_d011c 


Source file was:
int main() { return 0; }
Performing C++ SOURCE FILE Test HAVE_CXX_FLAG_WNO_DEPRECATED_DECLARATIONS succeeded with the following output:
Change Dir: /Users/wulongfei/pytorch/build/CMakeFiles/CMakeTmp

Run Build Command(s):/usr/bin/make -f Makefile cmTC_7748b/fast && /Library/Developer/CommandLineTools/usr/bin/make  -f CMakeFiles/cmTC_7748b.dir/build.make CMakeFiles/cmTC_7748b.dir/build
Building CXX object CMakeFiles/cmTC_7748b.dir/src.cxx.o
/Library/Developer/CommandLineTools/usr/bin/c++ -DHAVE_CXX_FLAG_WNO_DEPRECATED_DECLARATIONS  -Wno-deprecated -fvisibility-inlines-hidden -Wno-deprecated-declarations -DUSE_PTHREADPOOL  -std=c++11  -Wall  -Wextra  -Wshadow  -Wsuggest-override  -pedantic  -pedantic-errors  -Wshorten-64-to-32  -fstrict-aliasing  -Wno-deprecated-declarations -isysroot /Library/Developer/CommandLineTools/SDKs/MacOSX.sdk   -Wno-deprecated-declarations -std=gnu++14 -MD -MT CMakeFiles/cmTC_7748b.dir/src.cxx.o -MF CMakeFiles/cmTC_7748b.dir/src.cxx.o.d -o CMakeFiles/cmTC_7748b.dir/src.cxx.o -c /Users/wulongfei/pytorch/build/CMakeFiles/CMakeTmp/src.cxx
Linking CXX executable cmTC_7748b
/usr/local/Cellar/cmake/3.22.1/bin/cmake -E cmake_link_script CMakeFiles/cmTC_7748b.dir/link.txt --verbose=1
/Library/Developer/CommandLineTools/usr/bin/c++  -Wno-deprecated -fvisibility-inlines-hidden -Wno-deprecated-declarations -DUSE_PTHREADPOOL  -std=c++11  -Wall  -Wextra  -Wshadow  -Wsuggest-override  -pedantic  -pedantic-errors  -Wshorten-64-to-32  -fstrict-aliasing  -Wno-deprecated-declarations -isysroot /Library/Developer/CommandLineTools/SDKs/MacOSX.sdk -Wl,-search_paths_first -Wl,-headerpad_max_install_names  -rdynamic  CMakeFiles/cmTC_7748b.dir/src.cxx.o -o cmTC_7748b 


Source file was:
int main() { return 0; }
Performing C++ SOURCE FILE Test HAVE_CXX_FLAG_WNO_DEPRECATED succeeded with the following output:
Change Dir: /Users/wulongfei/pytorch/build/CMakeFiles/CMakeTmp

Run Build Command(s):/usr/bin/make -f Makefile cmTC_49773/fast && /Library/Developer/CommandLineTools/usr/bin/make  -f CMakeFiles/cmTC_49773.dir/build.make CMakeFiles/cmTC_49773.dir/build
Building CXX object CMakeFiles/cmTC_49773.dir/src.cxx.o
/Library/Developer/CommandLineTools/usr/bin/c++ -DHAVE_CXX_FLAG_WNO_DEPRECATED  -Wno-deprecated -fvisibility-inlines-hidden -Wno-deprecated-declarations -DUSE_PTHREADPOOL  -std=c++11  -Wall  -Wextra  -Wshadow  -Wsuggest-override  -pedantic  -pedantic-errors  -Wshorten-64-to-32  -fstrict-aliasing  -Wno-deprecated-declarations  -Wno-deprecated -isysroot /Library/Developer/CommandLineTools/SDKs/MacOSX.sdk   -Wno-deprecated -std=gnu++14 -MD -MT CMakeFiles/cmTC_49773.dir/src.cxx.o -MF CMakeFiles/cmTC_49773.dir/src.cxx.o.d -o CMakeFiles/cmTC_49773.dir/src.cxx.o -c /Users/wulongfei/pytorch/build/CMakeFiles/CMakeTmp/src.cxx
Linking CXX executable cmTC_49773
/usr/local/Cellar/cmake/3.22.1/bin/cmake -E cmake_link_script CMakeFiles/cmTC_49773.dir/link.txt --verbose=1
/Library/Developer/CommandLineTools/usr/bin/c++  -Wno-deprecated -fvisibility-inlines-hidden -Wno-deprecated-declarations -DUSE_PTHREADPOOL  -std=c++11  -Wall  -Wextra  -Wshadow  -Wsuggest-override  -pedantic  -pedantic-errors  -Wshorten-64-to-32  -fstrict-aliasing  -Wno-deprecated-declarations  -Wno-deprecated -isysroot /Library/Developer/CommandLineTools/SDKs/MacOSX.sdk -Wl,-search_paths_first -Wl,-headerpad_max_install_names  -rdynamic  CMakeFiles/cmTC_49773.dir/src.cxx.o -o cmTC_49773 


Source file was:
int main() { return 0; }
Performing C++ SOURCE FILE Test HAVE_CXX_FLAG_WSTRICT_ALIASING succeeded with the following output:
Change Dir: /Users/wulongfei/pytorch/build/CMakeFiles/CMakeTmp

Run Build Command(s):/usr/bin/make -f Makefile cmTC_852fc/fast && /Library/Developer/CommandLineTools/usr/bin/make  -f CMakeFiles/cmTC_852fc.dir/build.make CMakeFiles/cmTC_852fc.dir/build
Building CXX object CMakeFiles/cmTC_852fc.dir/src.cxx.o
/Library/Developer/CommandLineTools/usr/bin/c++ -DHAVE_CXX_FLAG_WSTRICT_ALIASING  -Wno-deprecated -fvisibility-inlines-hidden -Wno-deprecated-declarations -DUSE_PTHREADPOOL  -std=c++11  -Wall  -Wextra  -Wshadow  -Wsuggest-override  -pedantic  -pedantic-errors  -Wshorten-64-to-32  -fstrict-aliasing  -Wno-deprecated-declarations  -Wstrict-aliasing -isysroot /Library/Developer/CommandLineTools/SDKs/MacOSX.sdk   -Wstrict-aliasing -std=gnu++14 -MD -MT CMakeFiles/cmTC_852fc.dir/src.cxx.o -MF CMakeFiles/cmTC_852fc.dir/src.cxx.o.d -o CMakeFiles/cmTC_852fc.dir/src.cxx.o -c /Users/wulongfei/pytorch/build/CMakeFiles/CMakeTmp/src.cxx
Linking CXX executable cmTC_852fc
/usr/local/Cellar/cmake/3.22.1/bin/cmake -E cmake_link_script CMakeFiles/cmTC_852fc.dir/link.txt --verbose=1
/Library/Developer/CommandLineTools/usr/bin/c++  -Wno-deprecated -fvisibility-inlines-hidden -Wno-deprecated-declarations -DUSE_PTHREADPOOL  -std=c++11  -Wall  -Wextra  -Wshadow  -Wsuggest-override  -pedantic  -pedantic-errors  -Wshorten-64-to-32  -fstrict-aliasing  -Wno-deprecated-declarations  -Wstrict-aliasing -isysroot /Library/Developer/CommandLineTools/SDKs/MacOSX.sdk -Wl,-search_paths_first -Wl,-headerpad_max_install_names  -rdynamic  CMakeFiles/cmTC_852fc.dir/src.cxx.o -o cmTC_852fc 


Source file was:
int main() { return 0; }
Performing C++ SOURCE FILE Test HAVE_CXX_FLAG_WTHREAD_SAFETY succeeded with the following output:
Change Dir: /Users/wulongfei/pytorch/build/CMakeFiles/CMakeTmp

Run Build Command(s):/usr/bin/make -f Makefile cmTC_47e3e/fast && /Library/Developer/CommandLineTools/usr/bin/make  -f CMakeFiles/cmTC_47e3e.dir/build.make CMakeFiles/cmTC_47e3e.dir/build
Building CXX object CMakeFiles/cmTC_47e3e.dir/src.cxx.o
/Library/Developer/CommandLineTools/usr/bin/c++ -DHAVE_CXX_FLAG_WTHREAD_SAFETY  -Wno-deprecated -fvisibility-inlines-hidden -Wno-deprecated-declarations -DUSE_PTHREADPOOL  -std=c++11  -Wall  -Wextra  -Wshadow  -Wsuggest-override  -pedantic  -pedantic-errors  -Wshorten-64-to-32  -fstrict-aliasing  -Wno-deprecated-declarations  -Wstrict-aliasing  -Wthread-safety -isysroot /Library/Developer/CommandLineTools/SDKs/MacOSX.sdk   -Wthread-safety -std=gnu++14 -MD -MT CMakeFiles/cmTC_47e3e.dir/src.cxx.o -MF CMakeFiles/cmTC_47e3e.dir/src.cxx.o.d -o CMakeFiles/cmTC_47e3e.dir/src.cxx.o -c /Users/wulongfei/pytorch/build/CMakeFiles/CMakeTmp/src.cxx
Linking CXX executable cmTC_47e3e
/usr/local/Cellar/cmake/3.22.1/bin/cmake -E cmake_link_script CMakeFiles/cmTC_47e3e.dir/link.txt --verbose=1
/Library/Developer/CommandLineTools/usr/bin/c++  -Wno-deprecated -fvisibility-inlines-hidden -Wno-deprecated-declarations -DUSE_PTHREADPOOL  -std=c++11  -Wall  -Wextra  -Wshadow  -Wsuggest-override  -pedantic  -pedantic-errors  -Wshorten-64-to-32  -fstrict-aliasing  -Wno-deprecated-declarations  -Wstrict-aliasing  -Wthread-safety -isysroot /Library/Developer/CommandLineTools/SDKs/MacOSX.sdk -Wl,-search_paths_first -Wl,-headerpad_max_install_names  -rdynamic  CMakeFiles/cmTC_47e3e.dir/src.cxx.o -o cmTC_47e3e 


Source file was:
int main() { return 0; }
Performing C++ SOURCE FILE Test HAVE_CXX_FLAG_COVERAGE succeeded with the following output:
Change Dir: /Users/wulongfei/pytorch/build/CMakeFiles/CMakeTmp

Run Build Command(s):/usr/bin/make -f Makefile cmTC_10bee/fast && /Library/Developer/CommandLineTools/usr/bin/make  -f CMakeFiles/cmTC_10bee.dir/build.make CMakeFiles/cmTC_10bee.dir/build
Building CXX object CMakeFiles/cmTC_10bee.dir/src.cxx.o
/Library/Developer/CommandLineTools/usr/bin/c++ -DHAVE_CXX_FLAG_COVERAGE  -Wno-deprecated -fvisibility-inlines-hidden -Wno-deprecated-declarations -DUSE_PTHREADPOOL  -std=c++11  -Wall  -Wextra  -Wshadow  -Wsuggest-override  -pedantic  -pedantic-errors  -Wshorten-64-to-32  -fstrict-aliasing  -Wno-deprecated-declarations  -Wstrict-aliasing  -Wthread-safety  --coverage -isysroot /Library/Developer/CommandLineTools/SDKs/MacOSX.sdk   --coverage -std=gnu++14 -MD -MT CMakeFiles/cmTC_10bee.dir/src.cxx.o -MF CMakeFiles/cmTC_10bee.dir/src.cxx.o.d -o CMakeFiles/cmTC_10bee.dir/src.cxx.o -c /Users/wulongfei/pytorch/build/CMakeFiles/CMakeTmp/src.cxx
Linking CXX executable cmTC_10bee
/usr/local/Cellar/cmake/3.22.1/bin/cmake -E cmake_link_script CMakeFiles/cmTC_10bee.dir/link.txt --verbose=1
/Library/Developer/CommandLineTools/usr/bin/c++  -Wno-deprecated -fvisibility-inlines-hidden -Wno-deprecated-declarations -DUSE_PTHREADPOOL  -std=c++11  -Wall  -Wextra  -Wshadow  -Wsuggest-override  -pedantic  -pedantic-errors  -Wshorten-64-to-32  -fstrict-aliasing  -Wno-deprecated-declarations  -Wstrict-aliasing  -Wthread-safety  --coverage -isysroot /Library/Developer/CommandLineTools/SDKs/MacOSX.sdk -Wl,-search_paths_first -Wl,-headerpad_max_install_names  -rdynamic  CMakeFiles/cmTC_10bee.dir/src.cxx.o -o cmTC_10bee 


Source file was:
int main() { return 0; }
Performing C++ SOURCE FILE Test COMPILER_SUPPORTS_AVX512 succeeded with the following output:
Change Dir: /Users/wulongfei/pytorch/build/CMakeFiles/CMakeTmp

Run Build Command(s):/usr/bin/make -f Makefile cmTC_f7952/fast && /Library/Developer/CommandLineTools/usr/bin/make  -f CMakeFiles/cmTC_f7952.dir/build.make CMakeFiles/cmTC_f7952.dir/build
Building CXX object CMakeFiles/cmTC_f7952.dir/src.cxx.o
/Library/Developer/CommandLineTools/usr/bin/c++ -DCOMPILER_SUPPORTS_AVX512  -Wno-deprecated -fvisibility-inlines-hidden -Wno-deprecated-declarations -DUSE_PTHREADPOOL  -isysroot /Library/Developer/CommandLineTools/SDKs/MacOSX.sdk   -mavx512f -std=gnu++14 -MD -MT CMakeFiles/cmTC_f7952.dir/src.cxx.o -MF CMakeFiles/cmTC_f7952.dir/src.cxx.o.d -o CMakeFiles/cmTC_f7952.dir/src.cxx.o -c /Users/wulongfei/pytorch/build/CMakeFiles/CMakeTmp/src.cxx
Linking CXX executable cmTC_f7952
/usr/local/Cellar/cmake/3.22.1/bin/cmake -E cmake_link_script CMakeFiles/cmTC_f7952.dir/link.txt --verbose=1
/Library/Developer/CommandLineTools/usr/bin/c++  -Wno-deprecated -fvisibility-inlines-hidden -Wno-deprecated-declarations -DUSE_PTHREADPOOL  -isysroot /Library/Developer/CommandLineTools/SDKs/MacOSX.sdk -Wl,-search_paths_first -Wl,-headerpad_max_install_names  -rdynamic  CMakeFiles/cmTC_f7952.dir/src.cxx.o -o cmTC_f7952 


Source file was:
int main() { return 0; }
Performing C++ SOURCE FILE Test __CxxFlag__fno_threadsafe_statics succeeded with the following output:
Change Dir: /Users/wulongfei/pytorch/build/CMakeFiles/CMakeTmp

Run Build Command(s):/usr/bin/make -f Makefile cmTC_7c300/fast && /Library/Developer/CommandLineTools/usr/bin/make  -f CMakeFiles/cmTC_7c300.dir/build.make CMakeFiles/cmTC_7c300.dir/build
Building CXX object CMakeFiles/cmTC_7c300.dir/src.cxx.o
/Library/Developer/CommandLineTools/usr/bin/c++ -D__CxxFlag__fno_threadsafe_statics  -Wno-deprecated -fvisibility-inlines-hidden -Wno-deprecated-declarations -DUSE_PTHREADPOOL -Wall -Wextra -Werror -Wno-deprecated-declarations  -isysroot /Library/Developer/CommandLineTools/SDKs/MacOSX.sdk   -fno-threadsafe-statics -std=gnu++14 -MD -MT CMakeFiles/cmTC_7c300.dir/src.cxx.o -MF CMakeFiles/cmTC_7c300.dir/src.cxx.o.d -o CMakeFiles/cmTC_7c300.dir/src.cxx.o -c /Users/wulongfei/pytorch/build/CMakeFiles/CMakeTmp/src.cxx
Linking CXX executable cmTC_7c300
/usr/local/Cellar/cmake/3.22.1/bin/cmake -E cmake_link_script CMakeFiles/cmTC_7c300.dir/link.txt --verbose=1
/Library/Developer/CommandLineTools/usr/bin/c++  -Wno-deprecated -fvisibility-inlines-hidden -Wno-deprecated-declarations -DUSE_PTHREADPOOL -Wall -Wextra -Werror -Wno-deprecated-declarations  -isysroot /Library/Developer/CommandLineTools/SDKs/MacOSX.sdk -Wl,-search_paths_first -Wl,-headerpad_max_install_names  -rdynamic  CMakeFiles/cmTC_7c300.dir/src.cxx.o -o cmTC_7c300 


Source file was:
int main() { return 0; }
Performing C++ SOURCE FILE Test __CxxFlag__fmerge_all_constants succeeded with the following output:
Change Dir: /Users/wulongfei/pytorch/build/CMakeFiles/CMakeTmp

Run Build Command(s):/usr/bin/make -f Makefile cmTC_26b4c/fast && /Library/Developer/CommandLineTools/usr/bin/make  -f CMakeFiles/cmTC_26b4c.dir/build.make CMakeFiles/cmTC_26b4c.dir/build
Building CXX object CMakeFiles/cmTC_26b4c.dir/src.cxx.o
/Library/Developer/CommandLineTools/usr/bin/c++ -D__CxxFlag__fmerge_all_constants  -Wno-deprecated -fvisibility-inlines-hidden -Wno-deprecated-declarations -DUSE_PTHREADPOOL -Wall -Wextra -Werror -Wno-deprecated-declarations  -isysroot /Library/Developer/CommandLineTools/SDKs/MacOSX.sdk   -fmerge-all-constants -std=gnu++14 -MD -MT CMakeFiles/cmTC_26b4c.dir/src.cxx.o -MF CMakeFiles/cmTC_26b4c.dir/src.cxx.o.d -o CMakeFiles/cmTC_26b4c.dir/src.cxx.o -c /Users/wulongfei/pytorch/build/CMakeFiles/CMakeTmp/src.cxx
Linking CXX executable cmTC_26b4c
/usr/local/Cellar/cmake/3.22.1/bin/cmake -E cmake_link_script CMakeFiles/cmTC_26b4c.dir/link.txt --verbose=1
/Library/Developer/CommandLineTools/usr/bin/c++  -Wno-deprecated -fvisibility-inlines-hidden -Wno-deprecated-declarations -DUSE_PTHREADPOOL -Wall -Wextra -Werror -Wno-deprecated-declarations  -isysroot /Library/Developer/CommandLineTools/SDKs/MacOSX.sdk -Wl,-search_paths_first -Wl,-headerpad_max_install_names  -rdynamic  CMakeFiles/cmTC_26b4c.dir/src.cxx.o -o cmTC_26b4c 


Source file was:
int main() { return 0; }
